Using pre-set license
Built from '2021.2/staging' branch; Version is '2021.2.3f1 (32358a8527b4) revision 3290506'; Using compiler version '192829333'; Build Type 'Release'
OS: 'Windows 10 Pro for Workstations; OS build 19044.1706; Version 2009; 64bit' Language: 'en' Physical Memory: 16272 MB
BatchMode: 1, IsHumanControllingUs: 0, StartBugReporterOnCrash: 0, Is64bit: 1, IsPro: 0

COMMAND LINE ARGUMENTS:
C:\Program Files\Unity\Hub\Editor\2021.2.3f1\Editor\Unity.exe
-adb2
-batchMode
-noUpm
-name
AssetImportWorker2
-projectPath
D:/UnityProjects/345ShowpieceProject
-logFile
Logs/AssetImportWorker2.log
-srvPort
55377
Successfully changed project path to: D:/UnityProjects/345ShowpieceProject
D:/UnityProjects/345ShowpieceProject
[UnityMemory] Configuration Parameters - Can be set up in boot.config
    "memorysetup-bucket-allocator-granularity=16"
    "memorysetup-bucket-allocator-bucket-count=8"
    "memorysetup-bucket-allocator-block-size=33554432"
    "memorysetup-bucket-allocator-block-count=8"
    "memorysetup-main-allocator-block-size=16777216"
    "memorysetup-thread-allocator-block-size=16777216"
    "memorysetup-gfx-main-allocator-block-size=16777216"
    "memorysetup-gfx-thread-allocator-block-size=16777216"
    "memorysetup-cache-allocator-block-size=4194304"
    "memorysetup-typetree-allocator-block-size=2097152"
    "memorysetup-profiler-bucket-allocator-granularity=16"
    "memorysetup-profiler-bucket-allocator-bucket-count=8"
    "memorysetup-profiler-bucket-allocator-block-size=33554432"
    "memorysetup-profiler-bucket-allocator-block-count=8"
    "memorysetup-profiler-allocator-block-size=16777216"
    "memorysetup-profiler-editor-allocator-block-size=1048576"
    "memorysetup-temp-allocator-size-main=16777216"
    "memorysetup-job-temp-allocator-block-size=2097152"
    "memorysetup-job-temp-allocator-block-size-background=1048576"
    "memorysetup-job-temp-allocator-reduction-small-platforms=262144"
    "memorysetup-temp-allocator-size-background-worker=32768"
    "memorysetup-temp-allocator-size-job-worker=262144"
    "memorysetup-temp-allocator-size-preload-manager=33554432"
    "memorysetup-temp-allocator-size-nav-mesh-worker=65536"
    "memorysetup-temp-allocator-size-audio-worker=65536"
    "memorysetup-temp-allocator-size-cloud-worker=32768"
    "memorysetup-temp-allocator-size-gi-baking-worker=262144"
    "memorysetup-temp-allocator-size-gfx=262144"
Refreshing native plugins compatible for Editor in 393.81 ms, found 3 plugins.
Preloading 0 native plugins for Editor in 0.00 ms.
Initialize engine version: 2021.2.3f1 (32358a8527b4)
[Subsystems] Discovering subsystems at path C:/Program Files/Unity/Hub/Editor/2021.2.3f1/Editor/Data/Resources/UnitySubsystems
[Subsystems] Discovering subsystems at path D:/UnityProjects/345ShowpieceProject/Assets
GfxDevice: creating device client; threaded=0; jobified=0
Direct3D:
    Version:  Direct3D 11.0 [level 11.1]
    Renderer: NVIDIA GeForce GTX 1660 (ID=0x2184)
    Vendor:   NVIDIA
    VRAM:     5992 MB
    Driver:   30.0.15.1277
Initialize mono
Mono path[0] = 'C:/Program Files/Unity/Hub/Editor/2021.2.3f1/Editor/Data/Managed'
Mono path[1] = 'C:/Program Files/Unity/Hub/Editor/2021.2.3f1/Editor/Data/MonoBleedingEdge/lib/mono/unityjit-win32'
Mono config path = 'C:/Program Files/Unity/Hub/Editor/2021.2.3f1/Editor/Data/MonoBleedingEdge/etc'
Using monoOptions --debugger-agent=transport=dt_socket,embedding=1,server=y,suspend=n,address=127.0.0.1:56652
Begin MonoManager ReloadAssembly
Registering precompiled unity dll's ...
Register platform support module: C:/Program Files/Unity/Hub/Editor/2021.2.3f1/Editor/Data/PlaybackEngines/WindowsStandaloneSupport/UnityEditor.WindowsStandalone.Extensions.dll
Registered in 0.008841 seconds.
Native extension for WindowsStandalone target not found
Refreshing native plugins compatible for Editor in 114.62 ms, found 3 plugins.
Preloading 0 native plugins for Editor in 0.00 ms.
Mono: successfully reloaded assembly
- Completed reload, in  0.747 seconds
Domain Reload Profiling:
	ReloadAssembly (748ms)
		BeginReloadAssembly (161ms)
			ExecutionOrderSort (0ms)
			DisableScriptedObjects (0ms)
			BackupInstance (0ms)
			ReleaseScriptingObjects (0ms)
			CreateAndSetChildDomain (2ms)
		EndReloadAssembly (500ms)
			LoadAssemblies (158ms)
			RebuildTransferFunctionScriptingTraits (0ms)
			SetupTypeCache (102ms)
			ReleaseScriptCaches (0ms)
			RebuildScriptCaches (23ms)
			SetupLoadedEditorAssemblies (322ms)
				LogAssemblyErrors (0ms)
				InitializePlatformSupportModulesInManaged (17ms)
				SetLoadedEditorAssemblies (0ms)
				RefreshPlugins (115ms)
				BeforeProcessingInitializeOnLoad (1ms)
				ProcessInitializeOnLoadAttributes (145ms)
				ProcessInitializeOnLoadMethodAttributes (44ms)
				AfterProcessingInitializeOnLoad (0ms)
				EditorAssembliesLoaded (0ms)
			ExecutionOrderSort2 (0ms)
			AwakeInstancesAfterBackupRestoration (0ms)
Platform modules already initialized, skipping
Registering precompiled user dll's ...
Registered in 0.023525 seconds.
Begin MonoManager ReloadAssembly
Symbol file LoadedFromMemory doesn't match image D:\UnityProjects\345ShowpieceProject\Library\PackageCache\com.unity.visualscripting@1.7.5\Editor\VisualScripting.Core\Dependencies\YamlDotNet\Unity.VisualScripting.YamlDotNet.dll
Symbol file LoadedFromMemory doesn't match image D:\UnityProjects\345ShowpieceProject\Library\PackageCache\com.unity.visualscripting@1.7.5\Editor\VisualScripting.Core\Dependencies\DotNetZip\Unity.VisualScripting.IonicZip.dll
Native extension for WindowsStandalone target not found
Refreshing native plugins compatible for Editor in 115.97 ms, found 3 plugins.
Preloading 0 native plugins for Editor in 0.00 ms.
Mono: successfully reloaded assembly
- Completed reload, in  2.110 seconds
Domain Reload Profiling:
	ReloadAssembly (2110ms)
		BeginReloadAssembly (191ms)
			ExecutionOrderSort (0ms)
			DisableScriptedObjects (5ms)
			BackupInstance (0ms)
			ReleaseScriptingObjects (0ms)
			CreateAndSetChildDomain (21ms)
		EndReloadAssembly (1811ms)
			LoadAssemblies (237ms)
			RebuildTransferFunctionScriptingTraits (0ms)
			SetupTypeCache (298ms)
			ReleaseScriptCaches (1ms)
			RebuildScriptCaches (59ms)
			SetupLoadedEditorAssemblies (1161ms)
				LogAssemblyErrors (0ms)
				InitializePlatformSupportModulesInManaged (10ms)
				SetLoadedEditorAssemblies (0ms)
				RefreshPlugins (116ms)
				BeforeProcessingInitializeOnLoad (114ms)
				ProcessInitializeOnLoadAttributes (831ms)
				ProcessInitializeOnLoadMethodAttributes (81ms)
				AfterProcessingInitializeOnLoad (8ms)
				EditorAssembliesLoaded (0ms)
			ExecutionOrderSort2 (0ms)
			AwakeInstancesAfterBackupRestoration (6ms)
Platform modules already initialized, skipping
========================================================================
Worker process is ready to serve import requests
Launched and connected shader compiler UnityShaderCompiler.exe after 0.37 seconds
Refreshing native plugins compatible for Editor in 0.95 ms, found 3 plugins.
Preloading 0 native plugins for Editor in 0.00 ms.
Unloading 5644 Unused Serialized files (Serialized files now loaded: 0)
Unloading 53 unused Assets / (0.8 MB). Loaded Objects now: 6097.
Memory consumption went from 225.7 MB to 224.9 MB.
Total: 5.696200 ms (FindLiveObjects: 0.476700 ms CreateObjectMapping: 0.150800 ms MarkObjects: 4.755000 ms  DeleteObjects: 0.312900 ms)

AssetImportParameters requested are different than current active one (requested -> active):
  custom:video-decoder-ogg-theora: a1e56fd34408186e4bbccfd4996cb3dc -> 
  custom:container-muxer-webm: aa71ff27fc2769a1b78a27578f13a17b -> 
  custom:container-demuxer-webm: 4f35f7cbe854078d1ac9338744f61a02 -> 
  custom:video-encoder-webm-vp8: eb34c28f22e8b96e1ab97ce403110664 -> 
  custom:audio-encoder-webm-vorbis: bf7c407c2cedff20999df2af8eb42d56 -> 
  custom:framework-win-MediaFoundation: 216162199b28c13a410421893ffa2e32 -> 
  custom:container-demuxer-ogg: 62fdf1f143b41e24485cea50d1cbac27 -> 
  custom:video-decoder-webm-vp8: 9c59270c3fd7afecdb556c50c9e8de78 -> 
  custom:audio-decoder-ogg-vorbis: bf7c407c2cedff20999df2af8eb42d56 -> 
========================================================================
Received Import Request.
  Time since last request: 442995.052070 seconds.
  path: Assets/_Packages/flag/Materials/2000px-Black_Dragon_Flag.svg.mat
  artifactKey: Guid(cf4e8da089f3e7144b4807923ab6a854) Importer(815301076,1909f56bfc062723c751e8b465ee728b)
Start importing Assets/_Packages/flag/Materials/2000px-Black_Dragon_Flag.svg.mat using Guid(cf4e8da089f3e7144b4807923ab6a854) Importer(815301076,1909f56bfc062723c751e8b465ee728b)  -> (artifact id: '3572a0151397e08e1979c11bbb0cd0c4') in 1.986531 seconds 
========================================================================
Received Import Request.
  Time since last request: 0.000032 seconds.
  path: Assets/_Packages/flag/Materials/pole.mat
  artifactKey: Guid(95a25eed09f08ef45bb4910d98e881e2) Importer(815301076,1909f56bfc062723c751e8b465ee728b)
Start importing Assets/_Packages/flag/Materials/pole.mat using Guid(95a25eed09f08ef45bb4910d98e881e2) Importer(815301076,1909f56bfc062723c751e8b465ee728b)  -> (artifact id: '8eb3672ca48bd3096e403cb500386d47') in 1.004475 seconds 
========================================================================
Received Import Request.
  Time since last request: 70.606019 seconds.
  path: Assets/_zGameAssets/Player/Prefabs/PlayerController.prefab
  artifactKey: Guid(139e0e9c52bd4f54198a047c45efdba6) Importer(815301076,1909f56bfc062723c751e8b465ee728b)
Start importing Assets/_zGameAssets/Player/Prefabs/PlayerController.prefab using Guid(139e0e9c52bd4f54198a047c45efdba6) Importer(815301076,1909f56bfc062723c751e8b465ee728b)  -> (artifact id: 'e833b0f6f30b61cd573aa575267acd64') in 0.164069 seconds 
========================================================================
Received Import Request.
  Time since last request: 2.117906 seconds.
  path: Assets/_Packages/ProceduralAnimationInVideoGameCharactersUnityPackageJoshuaC/Humanoid_MUST_IMPORT_/CharacterController/Generic Character Controller.prefab
  artifactKey: Guid(dd928758a91e5994a907bb4f4ead172a) Importer(815301076,1909f56bfc062723c751e8b465ee728b)
Start importing Assets/_Packages/ProceduralAnimationInVideoGameCharactersUnityPackageJoshuaC/Humanoid_MUST_IMPORT_/CharacterController/Generic Character Controller.prefab using Guid(dd928758a91e5994a907bb4f4ead172a) Importer(815301076,1909f56bfc062723c751e8b465ee728b)  -> (artifact id: 'a39eb7b0df8d6f6bb92b1143de367133') in 0.052770 seconds 
========================================================================
Received Prepare
Registering precompiled user dll's ...
Registered in 0.004810 seconds.
Begin MonoManager ReloadAssembly
Symbol file LoadedFromMemory doesn't match image D:\UnityProjects\345ShowpieceProject\Library\PackageCache\com.unity.visualscripting@1.7.5\Editor\VisualScripting.Core\Dependencies\YamlDotNet\Unity.VisualScripting.YamlDotNet.dll
Symbol file LoadedFromMemory doesn't match image D:\UnityProjects\345ShowpieceProject\Library\PackageCache\com.unity.visualscripting@1.7.5\Editor\VisualScripting.Core\Dependencies\DotNetZip\Unity.VisualScripting.IonicZip.dll
Native extension for WindowsStandalone target not found
Refreshing native plugins compatible for Editor in 1.18 ms, found 3 plugins.
Preloading 0 native plugins for Editor in 0.00 ms.
Mono: successfully reloaded assembly
- Completed reload, in 13.543 seconds
Domain Reload Profiling:
	ReloadAssembly (13544ms)
		BeginReloadAssembly (10538ms)
			ExecutionOrderSort (0ms)
			DisableScriptedObjects (46ms)
			BackupInstance (0ms)
			ReleaseScriptingObjects (0ms)
			CreateAndSetChildDomain (2391ms)
		EndReloadAssembly (2860ms)
			LoadAssemblies (9319ms)
			RebuildTransferFunctionScriptingTraits (0ms)
			SetupTypeCache (315ms)
			ReleaseScriptCaches (2ms)
			RebuildScriptCaches (82ms)
			SetupLoadedEditorAssemblies (711ms)
				LogAssemblyErrors (0ms)
				InitializePlatformSupportModulesInManaged (12ms)
				SetLoadedEditorAssemblies (1ms)
				RefreshPlugins (1ms)
				BeforeProcessingInitializeOnLoad (94ms)
				ProcessInitializeOnLoadAttributes (506ms)
				ProcessInitializeOnLoadMethodAttributes (85ms)
				AfterProcessingInitializeOnLoad (11ms)
				EditorAssembliesLoaded (0ms)
			ExecutionOrderSort2 (0ms)
			AwakeInstancesAfterBackupRestoration (16ms)
Platform modules already initialized, skipping
Refreshing native plugins compatible for Editor in 1.63 ms, found 3 plugins.
Preloading 0 native plugins for Editor in 0.00 ms.
Unloading 5509 Unused Serialized files (Serialized files now loaded: 0)
Unloading 29 unused Assets / (446.6 KB). Loaded Objects now: 6208.
Memory consumption went from 237.0 MB to 236.5 MB.
Total: 9.528000 ms (FindLiveObjects: 0.980400 ms CreateObjectMapping: 0.167900 ms MarkObjects: 8.159800 ms  DeleteObjects: 0.218200 ms)

AssetImportParameters requested are different than current active one (requested -> active):
  custom:video-decoder-ogg-theora: a1e56fd34408186e4bbccfd4996cb3dc -> 
  custom:container-muxer-webm: aa71ff27fc2769a1b78a27578f13a17b -> 
  custom:container-demuxer-webm: 4f35f7cbe854078d1ac9338744f61a02 -> 
  custom:video-encoder-webm-vp8: eb34c28f22e8b96e1ab97ce403110664 -> 
  custom:audio-encoder-webm-vorbis: bf7c407c2cedff20999df2af8eb42d56 -> 
  custom:framework-win-MediaFoundation: 216162199b28c13a410421893ffa2e32 -> 
  custom:container-demuxer-ogg: 62fdf1f143b41e24485cea50d1cbac27 -> 
  custom:video-decoder-webm-vp8: 9c59270c3fd7afecdb556c50c9e8de78 -> 
  custom:audio-decoder-ogg-vorbis: bf7c407c2cedff20999df2af8eb42d56 -> 
========================================================================
Received Import Request.
  Time since last request: 129.524753 seconds.
  path: Assets/_Packages/flag/flag_med.fbx
  artifactKey: Guid(8a2ecdc9357d87d429af6f58cafb5839) Importer(815301076,1909f56bfc062723c751e8b465ee728b)
Start importing Assets/_Packages/flag/flag_med.fbx using Guid(8a2ecdc9357d87d429af6f58cafb5839) Importer(815301076,1909f56bfc062723c751e8b465ee728b)  -> (artifact id: 'd85fb12a7f0863b7a65aafa7748e4dce') in 0.429754 seconds 
========================================================================
Received Import Request.
  Time since last request: 571.458895 seconds.
  path: Assets/_Packages/RemoveParent.cs
  artifactKey: Guid(fcfdcb19a9a0ce74a876bad1936f06a2) Importer(815301076,1909f56bfc062723c751e8b465ee728b)
Start importing Assets/_Packages/RemoveParent.cs using Guid(fcfdcb19a9a0ce74a876bad1936f06a2) Importer(815301076,1909f56bfc062723c751e8b465ee728b)  -> (artifact id: '59e139f648f92c0815eeac599ad66796') in 0.008767 seconds 
========================================================================
Received Import Request.
  Time since last request: 56.047640 seconds.
  path: Assets/_Packages/ModularCharacters
  artifactKey: Guid(054f104b6ce84ab4080ace8b586b1a70) Importer(815301076,1909f56bfc062723c751e8b465ee728b)
Start importing Assets/_Packages/ModularCharacters using Guid(054f104b6ce84ab4080ace8b586b1a70) Importer(815301076,1909f56bfc062723c751e8b465ee728b)  -> (artifact id: 'd32c8e2c4fe00701234e13e64755eaf7') in 0.005961 seconds 
========================================================================
Received Import Request.
  Time since last request: 0.023647 seconds.
  path: Assets/_Packages/ModularCharacters/Adventurer.fbx
  artifactKey: Guid(b34940f2a4d71ca4091b824ae801c110) Importer(815301076,1909f56bfc062723c751e8b465ee728b)
Start importing Assets/_Packages/ModularCharacters/Adventurer.fbx using Guid(b34940f2a4d71ca4091b824ae801c110) Importer(815301076,1909f56bfc062723c751e8b465ee728b)  -> (artifact id: 'fc037b1e69b9b330b02333837888d911') in 0.298338 seconds 
========================================================================
Received Import Request.
  Time since last request: 0.000029 seconds.
  path: Assets/_Packages/ModularCharacters/Punk.fbx
  artifactKey: Guid(936632504aab1e6498f9e4095a9df3b9) Importer(815301076,1909f56bfc062723c751e8b465ee728b)
Start importing Assets/_Packages/ModularCharacters/Punk.fbx using Guid(936632504aab1e6498f9e4095a9df3b9) Importer(815301076,1909f56bfc062723c751e8b465ee728b)  -> (artifact id: '69efd691218d87facb51e813cb20c6bc') in 0.123029 seconds 
========================================================================
Received Import Request.
  Time since last request: 0.000181 seconds.
  path: Assets/_Packages/ModularCharacters/Casual_2.fbx
  artifactKey: Guid(12d78a13bfa296f4e927727f45af18dd) Importer(815301076,1909f56bfc062723c751e8b465ee728b)
Start importing Assets/_Packages/ModularCharacters/Casual_2.fbx using Guid(12d78a13bfa296f4e927727f45af18dd) Importer(815301076,1909f56bfc062723c751e8b465ee728b)  -> (artifact id: 'c612d4ecb70f233b5d1659e5573a14ac') in 0.131742 seconds 
========================================================================
Received Import Request.
  Time since last request: 0.000032 seconds.
  path: Assets/_Packages/ModularCharacters/Casual_Hoodie.fbx
  artifactKey: Guid(106405dd45196de449c00124a0232c18) Importer(815301076,1909f56bfc062723c751e8b465ee728b)
Start importing Assets/_Packages/ModularCharacters/Casual_Hoodie.fbx using Guid(106405dd45196de449c00124a0232c18) Importer(815301076,1909f56bfc062723c751e8b465ee728b)  -> (artifact id: '934a151fde297df297f3b2908debe494') in 0.117770 seconds 
========================================================================
Received Import Request.
  Time since last request: 0.000027 seconds.
  path: Assets/_Packages/ModularCharacters/Swat.fbx
  artifactKey: Guid(33414515f4044ad47a2f79f3dd972549) Importer(815301076,1909f56bfc062723c751e8b465ee728b)
Start importing Assets/_Packages/ModularCharacters/Swat.fbx using Guid(33414515f4044ad47a2f79f3dd972549) Importer(815301076,1909f56bfc062723c751e8b465ee728b)  -> (artifact id: 'cba22b8e627b96c1b82e5c18d79c6790') in 0.103514 seconds 
========================================================================
Received Import Request.
  Time since last request: 0.000039 seconds.
  path: Assets/_Packages/ModularCharacters/Worker.fbx
  artifactKey: Guid(079d56c46591dc9479e4e1e9e561f590) Importer(815301076,1909f56bfc062723c751e8b465ee728b)
Start importing Assets/_Packages/ModularCharacters/Worker.fbx using Guid(079d56c46591dc9479e4e1e9e561f590) Importer(815301076,1909f56bfc062723c751e8b465ee728b)  -> (artifact id: '26a2891af4f6b4377a75a957ced80f5b') in 0.130815 seconds 
========================================================================
Received Import Request.
  Time since last request: 0.000030 seconds.
  path: Assets/_Packages/ModularCharacters/Suit.fbx
  artifactKey: Guid(b586b8a062f6c324b8ea3bcd72c15ddb) Importer(815301076,1909f56bfc062723c751e8b465ee728b)
Start importing Assets/_Packages/ModularCharacters/Suit.fbx using Guid(b586b8a062f6c324b8ea3bcd72c15ddb) Importer(815301076,1909f56bfc062723c751e8b465ee728b)  -> (artifact id: '1550786b37129979d527c8e35e8ba34b') in 0.122418 seconds 
========================================================================
Received Import Request.
  Time since last request: 0.000046 seconds.
  path: Assets/_Packages/ModularCharacters/King.fbx
  artifactKey: Guid(6687b84202b82b74e8d59d39a520605e) Importer(815301076,1909f56bfc062723c751e8b465ee728b)
Start importing Assets/_Packages/ModularCharacters/King.fbx using Guid(6687b84202b82b74e8d59d39a520605e) Importer(815301076,1909f56bfc062723c751e8b465ee728b)  -> (artifact id: 'f395b1cb7d8ef7b7d02c35c7f4c625e0') in 0.128850 seconds 
Editor requested this worker to shutdown with reason: Scaling down because of idle timeout
AssetImportWorker is now disconnected from the server
Process exiting
Exiting without the bug reporter. Application will terminate with return code 0