Using pre-set license
Built from '2021.2/staging' branch; Version is '2021.2.3f1 (32358a8527b4) revision 3290506'; Using compiler version '192829333'; Build Type 'Release'
OS: 'Windows 10 Pro for Workstations; OS build 19044.1706; Version 2009; 64bit' Language: 'en' Physical Memory: 16272 MB
BatchMode: 1, IsHumanControllingUs: 0, StartBugReporterOnCrash: 0, Is64bit: 1, IsPro: 0

COMMAND LINE ARGUMENTS:
C:\Program Files\Unity\Hub\Editor\2021.2.3f1\Editor\Unity.exe
-adb2
-batchMode
-noUpm
-name
AssetImportWorker2
-projectPath
D:/UnityProjects/345ShowpieceProject
-logFile
Logs/AssetImportWorker2.log
-srvPort
53928
Successfully changed project path to: D:/UnityProjects/345ShowpieceProject
D:/UnityProjects/345ShowpieceProject
[UnityMemory] Configuration Parameters - Can be set up in boot.config
    "memorysetup-bucket-allocator-granularity=16"
    "memorysetup-bucket-allocator-bucket-count=8"
    "memorysetup-bucket-allocator-block-size=33554432"
    "memorysetup-bucket-allocator-block-count=8"
    "memorysetup-main-allocator-block-size=16777216"
    "memorysetup-thread-allocator-block-size=16777216"
    "memorysetup-gfx-main-allocator-block-size=16777216"
    "memorysetup-gfx-thread-allocator-block-size=16777216"
    "memorysetup-cache-allocator-block-size=4194304"
    "memorysetup-typetree-allocator-block-size=2097152"
    "memorysetup-profiler-bucket-allocator-granularity=16"
    "memorysetup-profiler-bucket-allocator-bucket-count=8"
    "memorysetup-profiler-bucket-allocator-block-size=33554432"
    "memorysetup-profiler-bucket-allocator-block-count=8"
    "memorysetup-profiler-allocator-block-size=16777216"
    "memorysetup-profiler-editor-allocator-block-size=1048576"
    "memorysetup-temp-allocator-size-main=16777216"
    "memorysetup-job-temp-allocator-block-size=2097152"
    "memorysetup-job-temp-allocator-block-size-background=1048576"
    "memorysetup-job-temp-allocator-reduction-small-platforms=262144"
    "memorysetup-temp-allocator-size-background-worker=32768"
    "memorysetup-temp-allocator-size-job-worker=262144"
    "memorysetup-temp-allocator-size-preload-manager=33554432"
    "memorysetup-temp-allocator-size-nav-mesh-worker=65536"
    "memorysetup-temp-allocator-size-audio-worker=65536"
    "memorysetup-temp-allocator-size-cloud-worker=32768"
    "memorysetup-temp-allocator-size-gi-baking-worker=262144"
    "memorysetup-temp-allocator-size-gfx=262144"
Refreshing native plugins compatible for Editor in 108.32 ms, found 3 plugins.
Preloading 0 native plugins for Editor in 0.00 ms.
Initialize engine version: 2021.2.3f1 (32358a8527b4)
[Subsystems] Discovering subsystems at path C:/Program Files/Unity/Hub/Editor/2021.2.3f1/Editor/Data/Resources/UnitySubsystems
[Subsystems] Discovering subsystems at path D:/UnityProjects/345ShowpieceProject/Assets
GfxDevice: creating device client; threaded=0; jobified=0
Direct3D:
    Version:  Direct3D 11.0 [level 11.1]
    Renderer: NVIDIA GeForce GTX 1660 (ID=0x2184)
    Vendor:   NVIDIA
    VRAM:     5992 MB
    Driver:   30.0.15.1277
Initialize mono
Mono path[0] = 'C:/Program Files/Unity/Hub/Editor/2021.2.3f1/Editor/Data/Managed'
Mono path[1] = 'C:/Program Files/Unity/Hub/Editor/2021.2.3f1/Editor/Data/MonoBleedingEdge/lib/mono/unityjit-win32'
Mono config path = 'C:/Program Files/Unity/Hub/Editor/2021.2.3f1/Editor/Data/MonoBleedingEdge/etc'
Using monoOptions --debugger-agent=transport=dt_socket,embedding=1,server=y,suspend=n,address=127.0.0.1:56324
Begin MonoManager ReloadAssembly
Registering precompiled unity dll's ...
Register platform support module: C:/Program Files/Unity/Hub/Editor/2021.2.3f1/Editor/Data/PlaybackEngines/WindowsStandaloneSupport/UnityEditor.WindowsStandalone.Extensions.dll
Registered in 0.007397 seconds.
Native extension for WindowsStandalone target not found
Refreshing native plugins compatible for Editor in 110.59 ms, found 3 plugins.
Preloading 0 native plugins for Editor in 0.00 ms.
Mono: successfully reloaded assembly
- Completed reload, in  0.588 seconds
Domain Reload Profiling:
	ReloadAssembly (589ms)
		BeginReloadAssembly (69ms)
			ExecutionOrderSort (0ms)
			DisableScriptedObjects (0ms)
			BackupInstance (0ms)
			ReleaseScriptingObjects (0ms)
			CreateAndSetChildDomain (1ms)
		EndReloadAssembly (446ms)
			LoadAssemblies (66ms)
			RebuildTransferFunctionScriptingTraits (0ms)
			SetupTypeCache (85ms)
			ReleaseScriptCaches (0ms)
			RebuildScriptCaches (24ms)
			SetupLoadedEditorAssemblies (291ms)
				LogAssemblyErrors (0ms)
				InitializePlatformSupportModulesInManaged (14ms)
				SetLoadedEditorAssemblies (0ms)
				RefreshPlugins (111ms)
				BeforeProcessingInitializeOnLoad (1ms)
				ProcessInitializeOnLoadAttributes (124ms)
				ProcessInitializeOnLoadMethodAttributes (41ms)
				AfterProcessingInitializeOnLoad (0ms)
				EditorAssembliesLoaded (0ms)
			ExecutionOrderSort2 (0ms)
			AwakeInstancesAfterBackupRestoration (0ms)
Platform modules already initialized, skipping
Registering precompiled user dll's ...
Registered in 0.005007 seconds.
Begin MonoManager ReloadAssembly
Symbol file LoadedFromMemory doesn't match image D:\UnityProjects\345ShowpieceProject\Library\PackageCache\com.unity.visualscripting@1.7.5\Editor\VisualScripting.Core\Dependencies\YamlDotNet\Unity.VisualScripting.YamlDotNet.dll
Symbol file LoadedFromMemory doesn't match image D:\UnityProjects\345ShowpieceProject\Library\PackageCache\com.unity.visualscripting@1.7.5\Editor\VisualScripting.Core\Dependencies\DotNetZip\Unity.VisualScripting.IonicZip.dll
Native extension for WindowsStandalone target not found
Refreshing native plugins compatible for Editor in 111.39 ms, found 3 plugins.
Preloading 0 native plugins for Editor in 0.00 ms.
Mono: successfully reloaded assembly
- Completed reload, in  1.766 seconds
Domain Reload Profiling:
	ReloadAssembly (1767ms)
		BeginReloadAssembly (153ms)
			ExecutionOrderSort (0ms)
			DisableScriptedObjects (5ms)
			BackupInstance (0ms)
			ReleaseScriptingObjects (0ms)
			CreateAndSetChildDomain (18ms)
		EndReloadAssembly (1524ms)
			LoadAssemblies (79ms)
			RebuildTransferFunctionScriptingTraits (0ms)
			SetupTypeCache (270ms)
			ReleaseScriptCaches (1ms)
			RebuildScriptCaches (65ms)
			SetupLoadedEditorAssemblies (1018ms)
				LogAssemblyErrors (0ms)
				InitializePlatformSupportModulesInManaged (10ms)
				SetLoadedEditorAssemblies (0ms)
				RefreshPlugins (111ms)
				BeforeProcessingInitializeOnLoad (113ms)
				ProcessInitializeOnLoadAttributes (703ms)
				ProcessInitializeOnLoadMethodAttributes (71ms)
				AfterProcessingInitializeOnLoad (9ms)
				EditorAssembliesLoaded (0ms)
			ExecutionOrderSort2 (0ms)
			AwakeInstancesAfterBackupRestoration (6ms)
Platform modules already initialized, skipping
========================================================================
Worker process is ready to serve import requests
Launched and connected shader compiler UnityShaderCompiler.exe after 0.07 seconds
Refreshing native plugins compatible for Editor in 0.98 ms, found 3 plugins.
Preloading 0 native plugins for Editor in 0.00 ms.
Unloading 5645 Unused Serialized files (Serialized files now loaded: 0)
Unloading 53 unused Assets / (0.8 MB). Loaded Objects now: 6098.
Memory consumption went from 225.8 MB to 225.0 MB.
Total: 4.014100 ms (FindLiveObjects: 0.482200 ms CreateObjectMapping: 0.141100 ms MarkObjects: 3.052000 ms  DeleteObjects: 0.337800 ms)

AssetImportParameters requested are different than current active one (requested -> active):
  custom:video-decoder-ogg-theora: a1e56fd34408186e4bbccfd4996cb3dc -> 
  custom:container-muxer-webm: aa71ff27fc2769a1b78a27578f13a17b -> 
  custom:container-demuxer-webm: 4f35f7cbe854078d1ac9338744f61a02 -> 
  custom:video-encoder-webm-vp8: eb34c28f22e8b96e1ab97ce403110664 -> 
  custom:audio-encoder-webm-vorbis: bf7c407c2cedff20999df2af8eb42d56 -> 
  custom:framework-win-MediaFoundation: 216162199b28c13a410421893ffa2e32 -> 
  custom:container-demuxer-ogg: 62fdf1f143b41e24485cea50d1cbac27 -> 
  custom:video-decoder-webm-vp8: 9c59270c3fd7afecdb556c50c9e8de78 -> 
  custom:audio-decoder-ogg-vorbis: bf7c407c2cedff20999df2af8eb42d56 -> 
========================================================================
Received Import Request.
  Time since last request: 537050.726098 seconds.
  path: Assets/_Packages/Alstra_infinite/Medieval Sword - PolyPackFree/Texture/PolyPack-MedievalSwords.png
  artifactKey: Guid(46617c3a9ccc78f4492d3c37bb5fd939) Importer(815301076,1909f56bfc062723c751e8b465ee728b)
Start importing Assets/_Packages/Alstra_infinite/Medieval Sword - PolyPackFree/Texture/PolyPack-MedievalSwords.png using Guid(46617c3a9ccc78f4492d3c37bb5fd939) Importer(815301076,1909f56bfc062723c751e8b465ee728b)  -> (artifact id: 'ea34865c57b0317d0845f148b3dffb96') in 0.141904 seconds 
========================================================================
Received Import Request.
  Time since last request: 23.665171 seconds.
  path: Assets/_Packages/PurePoly/Free_Swords
  artifactKey: Guid(e8daf40778a53c646b3ab25d767c62df) Importer(815301076,1909f56bfc062723c751e8b465ee728b)
Start importing Assets/_Packages/PurePoly/Free_Swords using Guid(e8daf40778a53c646b3ab25d767c62df) Importer(815301076,1909f56bfc062723c751e8b465ee728b)  -> (artifact id: '092c1c36e2d1f9ed8d11768c2ee4268c') in 0.005058 seconds 
========================================================================
Received Import Request.
  Time since last request: 15.132136 seconds.
  path: Assets/_Packages/Alstra_infinite/Free_Swords/Materials
  artifactKey: Guid(e259fbf6531788b478846fb71a32471c) Importer(815301076,1909f56bfc062723c751e8b465ee728b)
Start importing Assets/_Packages/Alstra_infinite/Free_Swords/Materials using Guid(e259fbf6531788b478846fb71a32471c) Importer(815301076,1909f56bfc062723c751e8b465ee728b)  -> (artifact id: '4e019f35162f6ae3a9a3864cda1259a9') in 0.009959 seconds 
========================================================================
Received Import Request.
  Time since last request: 0.016090 seconds.
  path: Assets/_Packages/Alstra_infinite/Free_Swords/Materials/PP_Ground.mat
  artifactKey: Guid(0d5006130dca53745b66b498b18d8d2d) Importer(815301076,1909f56bfc062723c751e8b465ee728b)
Start importing Assets/_Packages/Alstra_infinite/Free_Swords/Materials/PP_Ground.mat using Guid(0d5006130dca53745b66b498b18d8d2d) Importer(815301076,1909f56bfc062723c751e8b465ee728b)  -> (artifact id: '4f8a398bb328a84d511fab17c0401366') in 0.178688 seconds 
========================================================================
Received Import Request.
  Time since last request: 3.156106 seconds.
  path: Assets/_Packages/Alstra_infinite/Free_Swords/Meshes/PP_Sword_0018.fbx
  artifactKey: Guid(fe6dc511950eb6a4fb8d1605e7f7e1bd) Importer(815301076,1909f56bfc062723c751e8b465ee728b)
Start importing Assets/_Packages/Alstra_infinite/Free_Swords/Meshes/PP_Sword_0018.fbx using Guid(fe6dc511950eb6a4fb8d1605e7f7e1bd) Importer(815301076,1909f56bfc062723c751e8b465ee728b)  -> (artifact id: '450fc9b2d6a63a9f38a94a9f5ed90579') in 0.067164 seconds 
========================================================================
Received Import Request.
  Time since last request: 0.000026 seconds.
  path: Assets/_Packages/Alstra_infinite/Free_Swords/Meshes/PP_Sword_0222.fbx
  artifactKey: Guid(dc983c0a6102b004989fb78fa3294dcd) Importer(815301076,1909f56bfc062723c751e8b465ee728b)
Start importing Assets/_Packages/Alstra_infinite/Free_Swords/Meshes/PP_Sword_0222.fbx using Guid(dc983c0a6102b004989fb78fa3294dcd) Importer(815301076,1909f56bfc062723c751e8b465ee728b)  -> (artifact id: '75926b2a8a0338c780ac11a113b2a20e') in 0.034300 seconds 
========================================================================
Received Import Request.
  Time since last request: 1.092500 seconds.
  path: Assets/_Packages/Alstra_infinite/Free_Swords/Prefabs/PP_Sword_0018.prefab
  artifactKey: Guid(6eb18d9d451e45e4bb30bf34fdb5dbfb) Importer(815301076,1909f56bfc062723c751e8b465ee728b)
Start importing Assets/_Packages/Alstra_infinite/Free_Swords/Prefabs/PP_Sword_0018.prefab using Guid(6eb18d9d451e45e4bb30bf34fdb5dbfb) Importer(815301076,1909f56bfc062723c751e8b465ee728b)  -> (artifact id: 'b092eab03d46a0e7f2eccff5fd66529c') in 0.018346 seconds 
========================================================================
Received Import Request.
  Time since last request: 0.000025 seconds.
  path: Assets/_Packages/Alstra_infinite/Free_Swords/Prefabs/PP_Sword_0177.prefab
  artifactKey: Guid(07386ea35b0703b4b860da37b73db8c3) Importer(815301076,1909f56bfc062723c751e8b465ee728b)
Start importing Assets/_Packages/Alstra_infinite/Free_Swords/Prefabs/PP_Sword_0177.prefab using Guid(07386ea35b0703b4b860da37b73db8c3) Importer(815301076,1909f56bfc062723c751e8b465ee728b)  -> (artifact id: 'a2cfb6b012cf8549130a17b8f0d5a7d6') in 0.017511 seconds 
========================================================================
Received Import Request.
  Time since last request: 2.358483 seconds.
  path: Assets/_Packages/Alstra_infinite/Free_Swords/Scenes/Demo_List.unity
  artifactKey: Guid(90cc535c1057d6f4ca865b879c207e3a) Importer(815301076,1909f56bfc062723c751e8b465ee728b)
Start importing Assets/_Packages/Alstra_infinite/Free_Swords/Scenes/Demo_List.unity using Guid(90cc535c1057d6f4ca865b879c207e3a) Importer(815301076,1909f56bfc062723c751e8b465ee728b)  -> (artifact id: 'fd3c64af11f9965af3436a81c4fe5d40') in 0.006499 seconds 
========================================================================
Received Import Request.
  Time since last request: 601.908644 seconds.
  path: Assets/_Packages/Alstra_infinite/Free_Swords/Prefabs/PP_Sword_0018.prefab
  artifactKey: Guid(6eb18d9d451e45e4bb30bf34fdb5dbfb) Importer(815301076,1909f56bfc062723c751e8b465ee728b)
Start importing Assets/_Packages/Alstra_infinite/Free_Swords/Prefabs/PP_Sword_0018.prefab using Guid(6eb18d9d451e45e4bb30bf34fdb5dbfb) Importer(815301076,1909f56bfc062723c751e8b465ee728b)  -> (artifact id: 'b65db4c30a56b206b4af0d5d15d3fd08') in 0.024721 seconds 
========================================================================
Received Import Request.
  Time since last request: 0.000027 seconds.
  path: Assets/_Packages/Alstra_infinite/Free_Swords/Prefabs/PP_Sword_0177.prefab
  artifactKey: Guid(07386ea35b0703b4b860da37b73db8c3) Importer(815301076,1909f56bfc062723c751e8b465ee728b)
Start importing Assets/_Packages/Alstra_infinite/Free_Swords/Prefabs/PP_Sword_0177.prefab using Guid(07386ea35b0703b4b860da37b73db8c3) Importer(815301076,1909f56bfc062723c751e8b465ee728b)  -> (artifact id: '39c053a575830e2e0422ef084a99ee4b') in 0.013463 seconds 
========================================================================
Received Import Request.
  Time since last request: 0.000033 seconds.
  path: Assets/_Packages/Alstra_infinite/Free_Swords/Prefabs/PP_Sword_0080.prefab
  artifactKey: Guid(b4cbf94dda63f074da42ceb35b955c22) Importer(815301076,1909f56bfc062723c751e8b465ee728b)
Start importing Assets/_Packages/Alstra_infinite/Free_Swords/Prefabs/PP_Sword_0080.prefab using Guid(b4cbf94dda63f074da42ceb35b955c22) Importer(815301076,1909f56bfc062723c751e8b465ee728b)  -> (artifact id: '57e9ec803f33364fcca4e1744ca491bf') in 0.016001 seconds 
========================================================================
Received Import Request.
  Time since last request: 20.156971 seconds.
  path: Assets/_Packages/Alstra_infinite/Medieval Sword - PolyPackFree/Material/Main.mat
  artifactKey: Guid(2d0375d2bac42784e8dcb4bb60ce2f6a) Importer(815301076,1909f56bfc062723c751e8b465ee728b)
Start importing Assets/_Packages/Alstra_infinite/Medieval Sword - PolyPackFree/Material/Main.mat using Guid(2d0375d2bac42784e8dcb4bb60ce2f6a) Importer(815301076,1909f56bfc062723c751e8b465ee728b)  -> (artifact id: 'dc40bb62b6552dbb05ae574290259d6a') in 0.014835 seconds 
========================================================================
Received Import Request.
  Time since last request: 4.789359 seconds.
  path: Assets/_Packages/Alstra_infinite/Medieval Sword - PolyPackFree/Prefabs/Sword_EuropeanBroad.prefab
  artifactKey: Guid(f567e9599a7842d47a24c9e70143cea2) Importer(815301076,1909f56bfc062723c751e8b465ee728b)
Start importing Assets/_Packages/Alstra_infinite/Medieval Sword - PolyPackFree/Prefabs/Sword_EuropeanBroad.prefab using Guid(f567e9599a7842d47a24c9e70143cea2) Importer(815301076,1909f56bfc062723c751e8b465ee728b)  -> (artifact id: 'f5ae9dab7dfdfced7969d336a7bf9bee') in 0.012992 seconds 
========================================================================
Received Import Request.
  Time since last request: 0.000023 seconds.
  path: Assets/_Packages/Alstra_infinite/Medieval Sword - PolyPackFree/Prefabs/Sword_Viking.prefab
  artifactKey: Guid(1ae4d5e7752d9114494939137dcc0a0c) Importer(815301076,1909f56bfc062723c751e8b465ee728b)
Start importing Assets/_Packages/Alstra_infinite/Medieval Sword - PolyPackFree/Prefabs/Sword_Viking.prefab using Guid(1ae4d5e7752d9114494939137dcc0a0c) Importer(815301076,1909f56bfc062723c751e8b465ee728b)  -> (artifact id: '358febb56b24839b23c475cd5fce4011') in 0.013646 seconds 
========================================================================
Received Import Request.
  Time since last request: 0.000022 seconds.
  path: Assets/_Packages/Alstra_infinite/Medieval Sword - PolyPackFree/Prefabs/Sword_Rapier.prefab
  artifactKey: Guid(d4ba8f0d49e85d44faf4dfe83a73a260) Importer(815301076,1909f56bfc062723c751e8b465ee728b)
Start importing Assets/_Packages/Alstra_infinite/Medieval Sword - PolyPackFree/Prefabs/Sword_Rapier.prefab using Guid(d4ba8f0d49e85d44faf4dfe83a73a260) Importer(815301076,1909f56bfc062723c751e8b465ee728b)  -> (artifact id: '7da06ba3d6ff7617ca491aa98a0b7250') in 0.013097 seconds 
========================================================================
Received Import Request.
  Time since last request: 2.570307 seconds.
  path: Assets/_Packages/Alstra_infinite/Medieval Sword - PolyPackFree/Scene/Scene Materials
  artifactKey: Guid(6b24d1dd3439cc84f80970d8b804555a) Importer(815301076,1909f56bfc062723c751e8b465ee728b)
Start importing Assets/_Packages/Alstra_infinite/Medieval Sword - PolyPackFree/Scene/Scene Materials using Guid(6b24d1dd3439cc84f80970d8b804555a) Importer(815301076,1909f56bfc062723c751e8b465ee728b)  -> (artifact id: '2a996fd38c2a79b00d670dc3841dd292') in 0.005058 seconds 
========================================================================
Received Import Request.
  Time since last request: 0.052135 seconds.
  path: Assets/_Packages/Alstra_infinite/Medieval Sword - PolyPackFree/Scene/Scene Materials/Plane.mat
  artifactKey: Guid(c981956dac5f12e42b18831a20b3fd97) Importer(815301076,1909f56bfc062723c751e8b465ee728b)
Start importing Assets/_Packages/Alstra_infinite/Medieval Sword - PolyPackFree/Scene/Scene Materials/Plane.mat using Guid(c981956dac5f12e42b18831a20b3fd97) Importer(815301076,1909f56bfc062723c751e8b465ee728b)  -> (artifact id: '27de3f3bf12217aca375b1c8412bfabc') in 0.011306 seconds 
========================================================================
Received Import Request.
  Time since last request: 1.740848 seconds.
  path: Assets/_Packages/Alstra_infinite/Medieval Sword - PolyPackFree/Scene/Showcase.unity
  artifactKey: Guid(b84f65662bda8a54a80c5da87cb5c99a) Importer(815301076,1909f56bfc062723c751e8b465ee728b)
Start importing Assets/_Packages/Alstra_infinite/Medieval Sword - PolyPackFree/Scene/Showcase.unity using Guid(b84f65662bda8a54a80c5da87cb5c99a) Importer(815301076,1909f56bfc062723c751e8b465ee728b)  -> (artifact id: 'aa36bfbfc16bebf2e8d02169550b472a') in 0.005288 seconds 
========================================================================
Received Import Request.
  Time since last request: 25.659517 seconds.
  path: Assets/_Packages/Alstra_infinite/Free_Swords/Textures/PP_Color_Palette.png
  artifactKey: Guid(42d9d3a1af33d1243920fb8f98eaa7f6) Importer(815301076,1909f56bfc062723c751e8b465ee728b)
Start importing Assets/_Packages/Alstra_infinite/Free_Swords/Textures/PP_Color_Palette.png using Guid(42d9d3a1af33d1243920fb8f98eaa7f6) Importer(815301076,1909f56bfc062723c751e8b465ee728b)  -> (artifact id: 'dffbc27bae18ff20f3579a606fe258ab') in 0.014265 seconds 
========================================================================
Received Import Request.
  Time since last request: 18.581731 seconds.
  path: Assets/_Packages/Alstra_infinite/Medieval Sword - PolyPackFree/Prefabs/Sword_Scimitar.prefab
  artifactKey: Guid(20192113f04de4b4889b3e3815ee82e0) Importer(815301076,1909f56bfc062723c751e8b465ee728b)
Start importing Assets/_Packages/Alstra_infinite/Medieval Sword - PolyPackFree/Prefabs/Sword_Scimitar.prefab using Guid(20192113f04de4b4889b3e3815ee82e0) Importer(815301076,1909f56bfc062723c751e8b465ee728b)  -> (artifact id: '2e6365a5fd8e93441144a0055db9f59a') in 0.010110 seconds 
========================================================================
Received Import Request.
  Time since last request: 8.332421 seconds.
  path: Assets/_Packages/Alstra_infinite/Medieval Sword - PolyPackFree/Prefabs/Sword_Scimitar.prefab
  artifactKey: Guid(20192113f04de4b4889b3e3815ee82e0) Importer(815301076,1909f56bfc062723c751e8b465ee728b)
Start importing Assets/_Packages/Alstra_infinite/Medieval Sword - PolyPackFree/Prefabs/Sword_Scimitar.prefab using Guid(20192113f04de4b4889b3e3815ee82e0) Importer(815301076,1909f56bfc062723c751e8b465ee728b)  -> (artifact id: 'df0b2851ff001043f58db93d6489350b') in 0.009983 seconds 
========================================================================
Received Import Request.
  Time since last request: 7.837590 seconds.
  path: Assets/_Packages/Alstra_infinite/Medieval Sword - PolyPackFree/Prefabs/Sword_Scimitar.prefab
  artifactKey: Guid(20192113f04de4b4889b3e3815ee82e0) Importer(815301076,1909f56bfc062723c751e8b465ee728b)
Start importing Assets/_Packages/Alstra_infinite/Medieval Sword - PolyPackFree/Prefabs/Sword_Scimitar.prefab using Guid(20192113f04de4b4889b3e3815ee82e0) Importer(815301076,1909f56bfc062723c751e8b465ee728b)  -> (artifact id: '4fe7d083e9c66c8459143c0d7abd8b52') in 0.008945 seconds 
========================================================================
Received Import Request.
  Time since last request: 6.639309 seconds.
  path: Assets/_Packages/Alstra_infinite/Medieval Sword - PolyPackFree/Prefabs/Sword_Scimitar.prefab
  artifactKey: Guid(20192113f04de4b4889b3e3815ee82e0) Importer(815301076,1909f56bfc062723c751e8b465ee728b)
Start importing Assets/_Packages/Alstra_infinite/Medieval Sword - PolyPackFree/Prefabs/Sword_Scimitar.prefab using Guid(20192113f04de4b4889b3e3815ee82e0) Importer(815301076,1909f56bfc062723c751e8b465ee728b)  -> (artifact id: 'abaa6501a1b63d682191c7508660d456') in 0.009517 seconds 
========================================================================
Received Import Request.
  Time since last request: 2.197856 seconds.
  path: Assets/_Packages/Alstra_infinite/Medieval Sword - PolyPackFree/Prefabs/Sword_Scimitar.prefab
  artifactKey: Guid(20192113f04de4b4889b3e3815ee82e0) Importer(815301076,1909f56bfc062723c751e8b465ee728b)
Start importing Assets/_Packages/Alstra_infinite/Medieval Sword - PolyPackFree/Prefabs/Sword_Scimitar.prefab using Guid(20192113f04de4b4889b3e3815ee82e0) Importer(815301076,1909f56bfc062723c751e8b465ee728b)  -> (artifact id: '76d0205ad2391662c19a941fb5d7ffc1') in 0.009606 seconds 
========================================================================
Received Import Request.
  Time since last request: 6.430901 seconds.
  path: Assets/_Packages/Alstra_infinite/Medieval Sword - PolyPackFree/Prefabs/Sword_Scimitar.prefab
  artifactKey: Guid(20192113f04de4b4889b3e3815ee82e0) Importer(815301076,1909f56bfc062723c751e8b465ee728b)
Start importing Assets/_Packages/Alstra_infinite/Medieval Sword - PolyPackFree/Prefabs/Sword_Scimitar.prefab using Guid(20192113f04de4b4889b3e3815ee82e0) Importer(815301076,1909f56bfc062723c751e8b465ee728b)  -> (artifact id: 'c183e21814da142cf7826b002f0f2844') in 0.009505 seconds 
========================================================================
Received Import Request.
  Time since last request: 3.212652 seconds.
  path: Assets/_Packages/Alstra_infinite/Medieval Sword - PolyPackFree/Prefabs/Sword_Scimitar.prefab
  artifactKey: Guid(20192113f04de4b4889b3e3815ee82e0) Importer(815301076,1909f56bfc062723c751e8b465ee728b)
Start importing Assets/_Packages/Alstra_infinite/Medieval Sword - PolyPackFree/Prefabs/Sword_Scimitar.prefab using Guid(20192113f04de4b4889b3e3815ee82e0) Importer(815301076,1909f56bfc062723c751e8b465ee728b)  -> (artifact id: '0bc53d2e620ff60f221afa7416b5ed9d') in 0.009103 seconds 
========================================================================
Received Import Request.
  Time since last request: 1.789236 seconds.
  path: Assets/_Packages/Alstra_infinite/Medieval Sword - PolyPackFree/Prefabs/Sword_Scimitar.prefab
  artifactKey: Guid(20192113f04de4b4889b3e3815ee82e0) Importer(815301076,1909f56bfc062723c751e8b465ee728b)
Start importing Assets/_Packages/Alstra_infinite/Medieval Sword - PolyPackFree/Prefabs/Sword_Scimitar.prefab using Guid(20192113f04de4b4889b3e3815ee82e0) Importer(815301076,1909f56bfc062723c751e8b465ee728b)  -> (artifact id: '9e24c3a689cc69cc35a6cae1e4b9f008') in 0.011816 seconds 
========================================================================
Received Import Request.
  Time since last request: 3.031430 seconds.
  path: Assets/_Packages/Alstra_infinite/Medieval Sword - PolyPackFree/Prefabs/Sword_Scimitar.prefab
  artifactKey: Guid(20192113f04de4b4889b3e3815ee82e0) Importer(815301076,1909f56bfc062723c751e8b465ee728b)
Start importing Assets/_Packages/Alstra_infinite/Medieval Sword - PolyPackFree/Prefabs/Sword_Scimitar.prefab using Guid(20192113f04de4b4889b3e3815ee82e0) Importer(815301076,1909f56bfc062723c751e8b465ee728b)  -> (artifact id: 'cd2f0fae46a3792a87c84d5f905f8afc') in 0.010956 seconds 
========================================================================
Received Import Request.
  Time since last request: 1.180371 seconds.
  path: Assets/_Packages/Alstra_infinite/Medieval Sword - PolyPackFree/Prefabs/Sword_Scimitar.prefab
  artifactKey: Guid(20192113f04de4b4889b3e3815ee82e0) Importer(815301076,1909f56bfc062723c751e8b465ee728b)
Start importing Assets/_Packages/Alstra_infinite/Medieval Sword - PolyPackFree/Prefabs/Sword_Scimitar.prefab using Guid(20192113f04de4b4889b3e3815ee82e0) Importer(815301076,1909f56bfc062723c751e8b465ee728b)  -> (artifact id: 'da18098a026e201ed9a5a2181b9683cb') in 0.012178 seconds 
========================================================================
Received Import Request.
  Time since last request: 15.105886 seconds.
  path: Assets/_Packages/Alstra_infinite/Medieval Sword - PolyPackFree/Prefabs/Sword_Scimitar.prefab
  artifactKey: Guid(20192113f04de4b4889b3e3815ee82e0) Importer(815301076,1909f56bfc062723c751e8b465ee728b)
Start importing Assets/_Packages/Alstra_infinite/Medieval Sword - PolyPackFree/Prefabs/Sword_Scimitar.prefab using Guid(20192113f04de4b4889b3e3815ee82e0) Importer(815301076,1909f56bfc062723c751e8b465ee728b)  -> (artifact id: 'fd2e46240a48467deda0a16019eb5935') in 0.015438 seconds 
========================================================================
Received Import Request.
  Time since last request: 4.189939 seconds.
  path: Assets/_Packages/Alstra_infinite/Medieval Sword - PolyPackFree/Prefabs/Sword_Scimitar.prefab
  artifactKey: Guid(20192113f04de4b4889b3e3815ee82e0) Importer(815301076,1909f56bfc062723c751e8b465ee728b)
Start importing Assets/_Packages/Alstra_infinite/Medieval Sword - PolyPackFree/Prefabs/Sword_Scimitar.prefab using Guid(20192113f04de4b4889b3e3815ee82e0) Importer(815301076,1909f56bfc062723c751e8b465ee728b)  -> (artifact id: 'fbad7cdc015ff3c6b9a541af91589b2e') in 0.009570 seconds 
========================================================================
Received Import Request.
  Time since last request: 1.594488 seconds.
  path: Assets/_Packages/Alstra_infinite/Medieval Sword - PolyPackFree/Prefabs/Sword_Scimitar.prefab
  artifactKey: Guid(20192113f04de4b4889b3e3815ee82e0) Importer(815301076,1909f56bfc062723c751e8b465ee728b)
Start importing Assets/_Packages/Alstra_infinite/Medieval Sword - PolyPackFree/Prefabs/Sword_Scimitar.prefab using Guid(20192113f04de4b4889b3e3815ee82e0) Importer(815301076,1909f56bfc062723c751e8b465ee728b)  -> (artifact id: 'ac1a2678aa60dcdc2091faa24da4b30a') in 0.012870 seconds 
========================================================================
Received Import Request.
  Time since last request: 14.847693 seconds.
  path: Assets/_Packages/Alstra_infinite/Medieval Sword - PolyPackFree/Prefabs/Sword_Scimitar.prefab
  artifactKey: Guid(20192113f04de4b4889b3e3815ee82e0) Importer(815301076,1909f56bfc062723c751e8b465ee728b)
Start importing Assets/_Packages/Alstra_infinite/Medieval Sword - PolyPackFree/Prefabs/Sword_Scimitar.prefab using Guid(20192113f04de4b4889b3e3815ee82e0) Importer(815301076,1909f56bfc062723c751e8b465ee728b)  -> (artifact id: 'acad9e576e4ab10061ec069747106d2d') in 0.011794 seconds 
========================================================================
Received Import Request.
  Time since last request: 8.794286 seconds.
  path: Assets/_Packages/Alstra_infinite/Medieval Sword - PolyPackFree/Prefabs/Sword_Scimitar.prefab
  artifactKey: Guid(20192113f04de4b4889b3e3815ee82e0) Importer(815301076,1909f56bfc062723c751e8b465ee728b)
Start importing Assets/_Packages/Alstra_infinite/Medieval Sword - PolyPackFree/Prefabs/Sword_Scimitar.prefab using Guid(20192113f04de4b4889b3e3815ee82e0) Importer(815301076,1909f56bfc062723c751e8b465ee728b)  -> (artifact id: '5f8af2aff18df510d15fa55fa51242a3') in 0.011434 seconds 
========================================================================
Received Import Request.
  Time since last request: 2.994191 seconds.
  path: Assets/_Packages/Alstra_infinite/Medieval Sword - PolyPackFree/Prefabs/Sword_Scimitar.prefab
  artifactKey: Guid(20192113f04de4b4889b3e3815ee82e0) Importer(815301076,1909f56bfc062723c751e8b465ee728b)
Start importing Assets/_Packages/Alstra_infinite/Medieval Sword - PolyPackFree/Prefabs/Sword_Scimitar.prefab using Guid(20192113f04de4b4889b3e3815ee82e0) Importer(815301076,1909f56bfc062723c751e8b465ee728b)  -> (artifact id: '16e21eb653cc75a05da9d316c02c9faa') in 0.026572 seconds 
========================================================================
Received Import Request.
  Time since last request: 15.278878 seconds.
  path: Assets/_Packages/Alstra_infinite/Medieval Sword - PolyPackFree/Prefabs/Sword_Scimitar.prefab
  artifactKey: Guid(20192113f04de4b4889b3e3815ee82e0) Importer(815301076,1909f56bfc062723c751e8b465ee728b)
Start importing Assets/_Packages/Alstra_infinite/Medieval Sword - PolyPackFree/Prefabs/Sword_Scimitar.prefab using Guid(20192113f04de4b4889b3e3815ee82e0) Importer(815301076,1909f56bfc062723c751e8b465ee728b)  -> (artifact id: 'be646736801c101ac9db32388d3687e8') in 0.009118 seconds 
========================================================================
Received Import Request.
  Time since last request: 3.527029 seconds.
  path: Assets/_Packages/Alstra_infinite/Medieval Sword - PolyPackFree/Prefabs/Sword_Scimitar.prefab
  artifactKey: Guid(20192113f04de4b4889b3e3815ee82e0) Importer(815301076,1909f56bfc062723c751e8b465ee728b)
Start importing Assets/_Packages/Alstra_infinite/Medieval Sword - PolyPackFree/Prefabs/Sword_Scimitar.prefab using Guid(20192113f04de4b4889b3e3815ee82e0) Importer(815301076,1909f56bfc062723c751e8b465ee728b)  -> (artifact id: 'aafe278d77f3396d13e103d4a985c980') in 0.009762 seconds 
========================================================================
Received Import Request.
  Time since last request: 19.124882 seconds.
  path: Assets/_zGameAssets/Player/Combat Systems/Attacks/SwordCollider.cs
  artifactKey: Guid(e926e01f85f30a7489b4fef83b1d90f2) Importer(815301076,1909f56bfc062723c751e8b465ee728b)
Start importing Assets/_zGameAssets/Player/Combat Systems/Attacks/SwordCollider.cs using Guid(e926e01f85f30a7489b4fef83b1d90f2) Importer(815301076,1909f56bfc062723c751e8b465ee728b)  -> (artifact id: '12860e1793f279245016f96ea8f06d38') in 0.008011 seconds 
========================================================================
Received Prepare
Registering precompiled user dll's ...
Registered in 0.004674 seconds.
Begin MonoManager ReloadAssembly
Symbol file LoadedFromMemory doesn't match image D:\UnityProjects\345ShowpieceProject\Library\PackageCache\com.unity.visualscripting@1.7.5\Editor\VisualScripting.Core\Dependencies\YamlDotNet\Unity.VisualScripting.YamlDotNet.dll
Symbol file LoadedFromMemory doesn't match image D:\UnityProjects\345ShowpieceProject\Library\PackageCache\com.unity.visualscripting@1.7.5\Editor\VisualScripting.Core\Dependencies\DotNetZip\Unity.VisualScripting.IonicZip.dll
Native extension for WindowsStandalone target not found
Refreshing native plugins compatible for Editor in 1.09 ms, found 3 plugins.
Preloading 0 native plugins for Editor in 0.00 ms.
Mono: successfully reloaded assembly
- Completed reload, in  1.388 seconds
Domain Reload Profiling:
	ReloadAssembly (1389ms)
		BeginReloadAssembly (168ms)
			ExecutionOrderSort (0ms)
			DisableScriptedObjects (8ms)
			BackupInstance (0ms)
			ReleaseScriptingObjects (0ms)
			CreateAndSetChildDomain (47ms)
		EndReloadAssembly (1124ms)
			LoadAssemblies (81ms)
			RebuildTransferFunctionScriptingTraits (0ms)
			SetupTypeCache (301ms)
			ReleaseScriptCaches (2ms)
			RebuildScriptCaches (60ms)
			SetupLoadedEditorAssemblies (522ms)
				LogAssemblyErrors (0ms)
				InitializePlatformSupportModulesInManaged (11ms)
				SetLoadedEditorAssemblies (0ms)
				RefreshPlugins (1ms)
				BeforeProcessingInitializeOnLoad (92ms)
				ProcessInitializeOnLoadAttributes (344ms)
				ProcessInitializeOnLoadMethodAttributes (65ms)
				AfterProcessingInitializeOnLoad (9ms)
				EditorAssembliesLoaded (0ms)
			ExecutionOrderSort2 (0ms)
			AwakeInstancesAfterBackupRestoration (15ms)
Platform modules already initialized, skipping
Refreshing native plugins compatible for Editor in 1.28 ms, found 3 plugins.
Preloading 0 native plugins for Editor in 0.00 ms.
Unloading 5513 Unused Serialized files (Serialized files now loaded: 0)
Unloading 29 unused Assets / (430.8 KB). Loaded Objects now: 6244.
Memory consumption went from 226.4 MB to 226.0 MB.
Total: 3.922800 ms (FindLiveObjects: 0.544000 ms CreateObjectMapping: 0.140400 ms MarkObjects: 3.049100 ms  DeleteObjects: 0.188100 ms)

AssetImportParameters requested are different than current active one (requested -> active):
  custom:video-decoder-ogg-theora: a1e56fd34408186e4bbccfd4996cb3dc -> 
  custom:container-muxer-webm: aa71ff27fc2769a1b78a27578f13a17b -> 
  custom:container-demuxer-webm: 4f35f7cbe854078d1ac9338744f61a02 -> 
  custom:video-encoder-webm-vp8: eb34c28f22e8b96e1ab97ce403110664 -> 
  custom:audio-encoder-webm-vorbis: bf7c407c2cedff20999df2af8eb42d56 -> 
  custom:framework-win-MediaFoundation: 216162199b28c13a410421893ffa2e32 -> 
  custom:container-demuxer-ogg: 62fdf1f143b41e24485cea50d1cbac27 -> 
  custom:video-decoder-webm-vp8: 9c59270c3fd7afecdb556c50c9e8de78 -> 
  custom:audio-decoder-ogg-vorbis: bf7c407c2cedff20999df2af8eb42d56 -> 
========================================================================
Received Import Request.
  Time since last request: 102.317320 seconds.
  path: Assets/_zGameAssets/Player/Combat Systems/Attacks/SwordCollider.cs
  artifactKey: Guid(e926e01f85f30a7489b4fef83b1d90f2) Importer(815301076,1909f56bfc062723c751e8b465ee728b)
Start importing Assets/_zGameAssets/Player/Combat Systems/Attacks/SwordCollider.cs using Guid(e926e01f85f30a7489b4fef83b1d90f2) Importer(815301076,1909f56bfc062723c751e8b465ee728b)  -> (artifact id: '2c193ed41b0a3a149ed83cad21b35864') in 0.009292 seconds 
========================================================================
Received Import Request.
  Time since last request: 950.990679 seconds.
  path: Assets/_Packages/Alstra_infinite/Medieval Sword - PolyPackFree/Prefabs/Sword_EuropeanBroad.prefab
  artifactKey: Guid(f567e9599a7842d47a24c9e70143cea2) Importer(815301076,1909f56bfc062723c751e8b465ee728b)
Start importing Assets/_Packages/Alstra_infinite/Medieval Sword - PolyPackFree/Prefabs/Sword_EuropeanBroad.prefab using Guid(f567e9599a7842d47a24c9e70143cea2) Importer(815301076,1909f56bfc062723c751e8b465ee728b)  -> (artifact id: '44b9014ba75b7de44708cc172bd2aac0') in 0.181292 seconds 
========================================================================
Received Import Request.
  Time since last request: 0.000035 seconds.
  path: Assets/_Packages/Alstra_infinite/Medieval Sword - PolyPackFree/Prefabs/Sword_Scimitar.prefab
  artifactKey: Guid(20192113f04de4b4889b3e3815ee82e0) Importer(815301076,1909f56bfc062723c751e8b465ee728b)
Start importing Assets/_Packages/Alstra_infinite/Medieval Sword - PolyPackFree/Prefabs/Sword_Scimitar.prefab using Guid(20192113f04de4b4889b3e3815ee82e0) Importer(815301076,1909f56bfc062723c751e8b465ee728b)  -> (artifact id: '12a825663b5afc020a55a02b1948cd4e') in 0.023566 seconds 
========================================================================
Received Import Request.
  Time since last request: 0.000064 seconds.
  path: Assets/_Packages/Alstra_infinite/Medieval Sword - PolyPackFree/Prefabs/Sword_Katana.prefab
  artifactKey: Guid(b36d922abf0df4c47a963e52314fed64) Importer(815301076,1909f56bfc062723c751e8b465ee728b)
Start importing Assets/_Packages/Alstra_infinite/Medieval Sword - PolyPackFree/Prefabs/Sword_Katana.prefab using Guid(b36d922abf0df4c47a963e52314fed64) Importer(815301076,1909f56bfc062723c751e8b465ee728b)  -> (artifact id: '89aed0e5a20c897e0750b030b8f624af') in 0.015682 seconds 
Editor requested this worker to shutdown with reason: Scaling down because of idle timeout
AssetImportWorker is now disconnected from the server
Process exiting
Exiting without the bug reporter. Application will terminate with return code 0