Using pre-set license
Built from '2021.2/staging' branch; Version is '2021.2.3f1 (32358a8527b4) revision 3290506'; Using compiler version '192829333'; Build Type 'Release'
OS: 'Windows 10 Pro for Workstations; OS build 19044.1706; Version 2009; 64bit' Language: 'en' Physical Memory: 16272 MB
BatchMode: 1, IsHumanControllingUs: 0, StartBugReporterOnCrash: 0, Is64bit: 1, IsPro: 0

COMMAND LINE ARGUMENTS:
C:\Program Files\Unity\Hub\Editor\2021.2.3f1\Editor\Unity.exe
-adb2
-batchMode
-noUpm
-name
AssetImportWorker25
-projectPath
D:/UnityProjects/345ShowpieceProject
-logFile
Logs/AssetImportWorker25.log
-srvPort
53812
Successfully changed project path to: D:/UnityProjects/345ShowpieceProject
D:/UnityProjects/345ShowpieceProject
[UnityMemory] Configuration Parameters - Can be set up in boot.config
    "memorysetup-bucket-allocator-granularity=16"
    "memorysetup-bucket-allocator-bucket-count=8"
    "memorysetup-bucket-allocator-block-size=33554432"
    "memorysetup-bucket-allocator-block-count=8"
    "memorysetup-main-allocator-block-size=16777216"
    "memorysetup-thread-allocator-block-size=16777216"
    "memorysetup-gfx-main-allocator-block-size=16777216"
    "memorysetup-gfx-thread-allocator-block-size=16777216"
    "memorysetup-cache-allocator-block-size=4194304"
    "memorysetup-typetree-allocator-block-size=2097152"
    "memorysetup-profiler-bucket-allocator-granularity=16"
    "memorysetup-profiler-bucket-allocator-bucket-count=8"
    "memorysetup-profiler-bucket-allocator-block-size=33554432"
    "memorysetup-profiler-bucket-allocator-block-count=8"
    "memorysetup-profiler-allocator-block-size=16777216"
    "memorysetup-profiler-editor-allocator-block-size=1048576"
    "memorysetup-temp-allocator-size-main=16777216"
    "memorysetup-job-temp-allocator-block-size=2097152"
    "memorysetup-job-temp-allocator-block-size-background=1048576"
    "memorysetup-job-temp-allocator-reduction-small-platforms=262144"
    "memorysetup-temp-allocator-size-background-worker=32768"
    "memorysetup-temp-allocator-size-job-worker=262144"
    "memorysetup-temp-allocator-size-preload-manager=33554432"
    "memorysetup-temp-allocator-size-nav-mesh-worker=65536"
    "memorysetup-temp-allocator-size-audio-worker=65536"
    "memorysetup-temp-allocator-size-cloud-worker=32768"
    "memorysetup-temp-allocator-size-gi-baking-worker=262144"
    "memorysetup-temp-allocator-size-gfx=262144"
Refreshing native plugins compatible for Editor in 107.76 ms, found 3 plugins.
Preloading 0 native plugins for Editor in 0.00 ms.
Initialize engine version: 2021.2.3f1 (32358a8527b4)
[Subsystems] Discovering subsystems at path C:/Program Files/Unity/Hub/Editor/2021.2.3f1/Editor/Data/Resources/UnitySubsystems
[Subsystems] Discovering subsystems at path D:/UnityProjects/345ShowpieceProject/Assets
GfxDevice: creating device client; threaded=0; jobified=0
Direct3D:
    Version:  Direct3D 11.0 [level 11.1]
    Renderer: NVIDIA GeForce GTX 1660 (ID=0x2184)
    Vendor:   NVIDIA
    VRAM:     5992 MB
    Driver:   30.0.15.1277
Initialize mono
Mono path[0] = 'C:/Program Files/Unity/Hub/Editor/2021.2.3f1/Editor/Data/Managed'
Mono path[1] = 'C:/Program Files/Unity/Hub/Editor/2021.2.3f1/Editor/Data/MonoBleedingEdge/lib/mono/unityjit-win32'
Mono config path = 'C:/Program Files/Unity/Hub/Editor/2021.2.3f1/Editor/Data/MonoBleedingEdge/etc'
Using monoOptions --debugger-agent=transport=dt_socket,embedding=1,server=y,suspend=n,address=127.0.0.1:56200
Begin MonoManager ReloadAssembly
Registering precompiled unity dll's ...
Register platform support module: C:/Program Files/Unity/Hub/Editor/2021.2.3f1/Editor/Data/PlaybackEngines/WindowsStandaloneSupport/UnityEditor.WindowsStandalone.Extensions.dll
Registered in 0.007442 seconds.
Native extension for WindowsStandalone target not found
Refreshing native plugins compatible for Editor in 109.72 ms, found 3 plugins.
Preloading 0 native plugins for Editor in 0.00 ms.
Mono: successfully reloaded assembly
- Completed reload, in  0.590 seconds
Domain Reload Profiling:
	ReloadAssembly (591ms)
		BeginReloadAssembly (65ms)
			ExecutionOrderSort (0ms)
			DisableScriptedObjects (0ms)
			BackupInstance (0ms)
			ReleaseScriptingObjects (0ms)
			CreateAndSetChildDomain (1ms)
		EndReloadAssembly (452ms)
			LoadAssemblies (62ms)
			RebuildTransferFunctionScriptingTraits (0ms)
			SetupTypeCache (85ms)
			ReleaseScriptCaches (0ms)
			RebuildScriptCaches (23ms)
			SetupLoadedEditorAssemblies (297ms)
				LogAssemblyErrors (0ms)
				InitializePlatformSupportModulesInManaged (14ms)
				SetLoadedEditorAssemblies (0ms)
				RefreshPlugins (110ms)
				BeforeProcessingInitializeOnLoad (1ms)
				ProcessInitializeOnLoadAttributes (129ms)
				ProcessInitializeOnLoadMethodAttributes (43ms)
				AfterProcessingInitializeOnLoad (0ms)
				EditorAssembliesLoaded (0ms)
			ExecutionOrderSort2 (0ms)
			AwakeInstancesAfterBackupRestoration (0ms)
Platform modules already initialized, skipping
Registering precompiled user dll's ...
Registered in 0.005185 seconds.
Begin MonoManager ReloadAssembly
Symbol file LoadedFromMemory doesn't match image D:\UnityProjects\345ShowpieceProject\Library\PackageCache\com.unity.visualscripting@1.7.5\Editor\VisualScripting.Core\Dependencies\YamlDotNet\Unity.VisualScripting.YamlDotNet.dll
Symbol file LoadedFromMemory doesn't match image D:\UnityProjects\345ShowpieceProject\Library\PackageCache\com.unity.visualscripting@1.7.5\Editor\VisualScripting.Core\Dependencies\DotNetZip\Unity.VisualScripting.IonicZip.dll
Native extension for WindowsStandalone target not found
Refreshing native plugins compatible for Editor in 110.75 ms, found 3 plugins.
Preloading 0 native plugins for Editor in 0.00 ms.
Mono: successfully reloaded assembly
- Completed reload, in  1.728 seconds
Domain Reload Profiling:
	ReloadAssembly (1729ms)
		BeginReloadAssembly (148ms)
			ExecutionOrderSort (0ms)
			DisableScriptedObjects (5ms)
			BackupInstance (0ms)
			ReleaseScriptingObjects (0ms)
			CreateAndSetChildDomain (17ms)
		EndReloadAssembly (1494ms)
			LoadAssemblies (72ms)
			RebuildTransferFunctionScriptingTraits (0ms)
			SetupTypeCache (268ms)
			ReleaseScriptCaches (1ms)
			RebuildScriptCaches (58ms)
			SetupLoadedEditorAssemblies (1007ms)
				LogAssemblyErrors (0ms)
				InitializePlatformSupportModulesInManaged (9ms)
				SetLoadedEditorAssemblies (0ms)
				RefreshPlugins (111ms)
				BeforeProcessingInitializeOnLoad (111ms)
				ProcessInitializeOnLoadAttributes (696ms)
				ProcessInitializeOnLoadMethodAttributes (71ms)
				AfterProcessingInitializeOnLoad (9ms)
				EditorAssembliesLoaded (0ms)
			ExecutionOrderSort2 (0ms)
			AwakeInstancesAfterBackupRestoration (6ms)
Platform modules already initialized, skipping
========================================================================
Worker process is ready to serve import requests
Launched and connected shader compiler UnityShaderCompiler.exe after 0.05 seconds
Refreshing native plugins compatible for Editor in 1.03 ms, found 3 plugins.
Preloading 0 native plugins for Editor in 0.00 ms.
Unloading 5708 Unused Serialized files (Serialized files now loaded: 0)
Unloading 53 unused Assets / (0.8 MB). Loaded Objects now: 6162.
Memory consumption went from 237.1 MB to 236.3 MB.
Total: 3.870500 ms (FindLiveObjects: 0.459700 ms CreateObjectMapping: 0.151500 ms MarkObjects: 2.937000 ms  DeleteObjects: 0.321300 ms)

AssetImportParameters requested are different than current active one (requested -> active):
  custom:video-decoder-ogg-theora: a1e56fd34408186e4bbccfd4996cb3dc -> 
  custom:container-muxer-webm: aa71ff27fc2769a1b78a27578f13a17b -> 
  custom:container-demuxer-webm: 4f35f7cbe854078d1ac9338744f61a02 -> 
  custom:video-encoder-webm-vp8: eb34c28f22e8b96e1ab97ce403110664 -> 
  custom:audio-encoder-webm-vorbis: bf7c407c2cedff20999df2af8eb42d56 -> 
  custom:framework-win-MediaFoundation: 216162199b28c13a410421893ffa2e32 -> 
  custom:container-demuxer-ogg: 62fdf1f143b41e24485cea50d1cbac27 -> 
  custom:video-decoder-webm-vp8: 9c59270c3fd7afecdb556c50c9e8de78 -> 
  custom:audio-decoder-ogg-vorbis: bf7c407c2cedff20999df2af8eb42d56 -> 
========================================================================
Received Import Request.
  Time since last request: 1042704.549915 seconds.
  path: Assets/_Packages/AurynSky/Gems Ultimate Pack/Models/Heart.fbx
  artifactKey: Guid(f5e70b692f804d346a44df961b6ad5a8) Importer(815301076,1909f56bfc062723c751e8b465ee728b)
Start importing Assets/_Packages/AurynSky/Gems Ultimate Pack/Models/Heart.fbx using Guid(f5e70b692f804d346a44df961b6ad5a8) Importer(815301076,1909f56bfc062723c751e8b465ee728b)  -> (artifact id: 'e0794724a561ab75cb9aa1fe64ebb484') in 0.233077 seconds 
========================================================================
Received Import Request.
  Time since last request: 8.732657 seconds.
  path: Assets/_Packages/AurynSky/Gems Ultimate Pack/Prefabs/Heart.prefab
  artifactKey: Guid(5a0537415d4017c4fad7a4986f502dc1) Importer(815301076,1909f56bfc062723c751e8b465ee728b)
Start importing Assets/_Packages/AurynSky/Gems Ultimate Pack/Prefabs/Heart.prefab using Guid(5a0537415d4017c4fad7a4986f502dc1) Importer(815301076,1909f56bfc062723c751e8b465ee728b)  -> (artifact id: 'c9c4d45e609950f3973a24e26c1e8a93') in 0.012428 seconds 
========================================================================
Received Import Request.
  Time since last request: 6.473390 seconds.
  path: Assets/_Packages/AurynSky/Gems Ultimate Pack/Materials/Blue.mat
  artifactKey: Guid(d3fdd53a2b5dd904fad8d824266a4cad) Importer(815301076,1909f56bfc062723c751e8b465ee728b)
Start importing Assets/_Packages/AurynSky/Gems Ultimate Pack/Materials/Blue.mat using Guid(d3fdd53a2b5dd904fad8d824266a4cad) Importer(815301076,1909f56bfc062723c751e8b465ee728b)  -> (artifact id: 'a86afa42f6d751a061442caacb66b031') in 0.030508 seconds 
========================================================================
Received Import Request.
  Time since last request: 1.182156 seconds.
  path: Assets/_Packages/_ExampleAssets/Materials/ConstructionLight_Mat.mat
  artifactKey: Guid(49076442eeb7e054b8e8869f8b40656d) Importer(815301076,1909f56bfc062723c751e8b465ee728b)
Start importing Assets/_Packages/_ExampleAssets/Materials/ConstructionLight_Mat.mat using Guid(49076442eeb7e054b8e8869f8b40656d) Importer(815301076,1909f56bfc062723c751e8b465ee728b)  -> (artifact id: 'db5cc40378a32fdd33a23b8bbe23243c') in 0.044053 seconds 
========================================================================
Received Import Request.
  Time since last request: 0.241877 seconds.
  path: Assets/_Packages/_ExampleAssets/Materials/DryWall_Mat.mat
  artifactKey: Guid(a68228c24abfa2f4b8954d7b0148f799) Importer(815301076,1909f56bfc062723c751e8b465ee728b)
Start importing Assets/_Packages/_ExampleAssets/Materials/DryWall_Mat.mat using Guid(a68228c24abfa2f4b8954d7b0148f799) Importer(815301076,1909f56bfc062723c751e8b465ee728b)  -> (artifact id: '92b11ff5f396fac2e1d302029928af62') in 0.027178 seconds 
========================================================================
Received Import Request.
  Time since last request: 0.052412 seconds.
  path: Assets/_Packages/_ExampleAssets/Materials/DryWallPainted_Mat.mat
  artifactKey: Guid(9b8eadc4de0544646b75ddcc43f8fd06) Importer(815301076,1909f56bfc062723c751e8b465ee728b)
Start importing Assets/_Packages/_ExampleAssets/Materials/DryWallPainted_Mat.mat using Guid(9b8eadc4de0544646b75ddcc43f8fd06) Importer(815301076,1909f56bfc062723c751e8b465ee728b)  -> (artifact id: '346db1ac62f734ca7b6a43db85bb2177') in 0.030444 seconds 
========================================================================
Received Import Request.
  Time since last request: 0.840421 seconds.
  path: Assets/_Packages/AurynSky/Gems Ultimate Pack/Materials/BG.mat
  artifactKey: Guid(5c623d53aca45c44586ec2d14fef488e) Importer(815301076,1909f56bfc062723c751e8b465ee728b)
Start importing Assets/_Packages/AurynSky/Gems Ultimate Pack/Materials/BG.mat using Guid(5c623d53aca45c44586ec2d14fef488e) Importer(815301076,1909f56bfc062723c751e8b465ee728b)  -> (artifact id: '7eee96ae6aee199276bd74184c7d5c81') in 0.013286 seconds 
========================================================================
Received Import Request.
  Time since last request: 1.820407 seconds.
  path: Assets/_Packages/AurynSky/Gems Ultimate Pack/Materials/Red.mat
  artifactKey: Guid(6a6944f4904547e4fb039789da5fcd85) Importer(815301076,1909f56bfc062723c751e8b465ee728b)
Start importing Assets/_Packages/AurynSky/Gems Ultimate Pack/Materials/Red.mat using Guid(6a6944f4904547e4fb039789da5fcd85) Importer(815301076,1909f56bfc062723c751e8b465ee728b)  -> (artifact id: '444f6b784f2569a5b03476e822c03007') in 0.014194 seconds 
========================================================================
Received Import Request.
  Time since last request: 6.157472 seconds.
  path: Assets/_Packages/AurynSky/Gems Ultimate Pack/Prefabs/Heart.prefab
  artifactKey: Guid(5a0537415d4017c4fad7a4986f502dc1) Importer(815301076,1909f56bfc062723c751e8b465ee728b)
Start importing Assets/_Packages/AurynSky/Gems Ultimate Pack/Prefabs/Heart.prefab using Guid(5a0537415d4017c4fad7a4986f502dc1) Importer(815301076,1909f56bfc062723c751e8b465ee728b)  -> (artifact id: 'f2492e605f84d3287157b1924910eba8') in 0.011837 seconds 
========================================================================
Received Import Request.
  Time since last request: 1.121677 seconds.
  path: Assets/_Packages/AurynSky/Gems Ultimate Pack/Prefabs/Heart.prefab
  artifactKey: Guid(5a0537415d4017c4fad7a4986f502dc1) Importer(815301076,1909f56bfc062723c751e8b465ee728b)
Start importing Assets/_Packages/AurynSky/Gems Ultimate Pack/Prefabs/Heart.prefab using Guid(5a0537415d4017c4fad7a4986f502dc1) Importer(815301076,1909f56bfc062723c751e8b465ee728b)  -> (artifact id: '6970e833b5dfd5fb6aa4187215975d2d') in 0.011631 seconds 
========================================================================
Received Import Request.
  Time since last request: 36.542617 seconds.
  path: Assets/_Packages/AurynSky/Gems Ultimate Pack/Prefabs/Heart.prefab
  artifactKey: Guid(5a0537415d4017c4fad7a4986f502dc1) Importer(815301076,1909f56bfc062723c751e8b465ee728b)
Start importing Assets/_Packages/AurynSky/Gems Ultimate Pack/Prefabs/Heart.prefab using Guid(5a0537415d4017c4fad7a4986f502dc1) Importer(815301076,1909f56bfc062723c751e8b465ee728b)  -> (artifact id: 'da7b6432fa6431f2391c989ebcc38ea1') in 0.013902 seconds 
========================================================================
Received Import Request.
  Time since last request: 15.425792 seconds.
  path: Assets/_Packages/AurynSky/Gems Ultimate Pack/Prefabs/Heart.prefab
  artifactKey: Guid(5a0537415d4017c4fad7a4986f502dc1) Importer(815301076,1909f56bfc062723c751e8b465ee728b)
Start importing Assets/_Packages/AurynSky/Gems Ultimate Pack/Prefabs/Heart.prefab using Guid(5a0537415d4017c4fad7a4986f502dc1) Importer(815301076,1909f56bfc062723c751e8b465ee728b)  -> (artifact id: '89e39a559eae0909c34847815d51be47') in 0.010751 seconds 
========================================================================
Received Import Request.
  Time since last request: 1.382966 seconds.
  path: Assets/_Packages/AurynSky/Gems Ultimate Pack/Prefabs/Heart.prefab
  artifactKey: Guid(5a0537415d4017c4fad7a4986f502dc1) Importer(815301076,1909f56bfc062723c751e8b465ee728b)
Start importing Assets/_Packages/AurynSky/Gems Ultimate Pack/Prefabs/Heart.prefab using Guid(5a0537415d4017c4fad7a4986f502dc1) Importer(815301076,1909f56bfc062723c751e8b465ee728b)  -> (artifact id: 'fd2f46510a33f7b4efee8f26cff2a3b7') in 0.011218 seconds 
========================================================================
Received Prepare
Registering precompiled user dll's ...
Registered in 0.005078 seconds.
Begin MonoManager ReloadAssembly
Symbol file LoadedFromMemory doesn't match image D:\UnityProjects\345ShowpieceProject\Library\PackageCache\com.unity.visualscripting@1.7.5\Editor\VisualScripting.Core\Dependencies\YamlDotNet\Unity.VisualScripting.YamlDotNet.dll
Symbol file LoadedFromMemory doesn't match image D:\UnityProjects\345ShowpieceProject\Library\PackageCache\com.unity.visualscripting@1.7.5\Editor\VisualScripting.Core\Dependencies\DotNetZip\Unity.VisualScripting.IonicZip.dll
Native extension for WindowsStandalone target not found
Refreshing native plugins compatible for Editor in 1.01 ms, found 3 plugins.
Preloading 0 native plugins for Editor in 0.00 ms.
Mono: successfully reloaded assembly
- Completed reload, in  1.341 seconds
Domain Reload Profiling:
	ReloadAssembly (1342ms)
		BeginReloadAssembly (157ms)
			ExecutionOrderSort (0ms)
			DisableScriptedObjects (7ms)
			BackupInstance (0ms)
			ReleaseScriptingObjects (0ms)
			CreateAndSetChildDomain (41ms)
		EndReloadAssembly (1090ms)
			LoadAssemblies (82ms)
			RebuildTransferFunctionScriptingTraits (0ms)
			SetupTypeCache (281ms)
			ReleaseScriptCaches (2ms)
			RebuildScriptCaches (47ms)
			SetupLoadedEditorAssemblies (547ms)
				LogAssemblyErrors (0ms)
				InitializePlatformSupportModulesInManaged (11ms)
				SetLoadedEditorAssemblies (0ms)
				RefreshPlugins (1ms)
				BeforeProcessingInitializeOnLoad (89ms)
				ProcessInitializeOnLoadAttributes (357ms)
				ProcessInitializeOnLoadMethodAttributes (78ms)
				AfterProcessingInitializeOnLoad (11ms)
				EditorAssembliesLoaded (0ms)
			ExecutionOrderSort2 (0ms)
			AwakeInstancesAfterBackupRestoration (14ms)
Platform modules already initialized, skipping
Refreshing native plugins compatible for Editor in 0.80 ms, found 3 plugins.
Preloading 0 native plugins for Editor in 0.00 ms.
Unloading 5548 Unused Serialized files (Serialized files now loaded: 0)
Unloading 29 unused Assets / (432.1 KB). Loaded Objects now: 6276.
Memory consumption went from 234.7 MB to 234.3 MB.
Total: 4.060700 ms (FindLiveObjects: 0.506700 ms CreateObjectMapping: 0.175700 ms MarkObjects: 3.191100 ms  DeleteObjects: 0.186400 ms)

AssetImportParameters requested are different than current active one (requested -> active):
  custom:video-decoder-ogg-theora: a1e56fd34408186e4bbccfd4996cb3dc -> 
  custom:container-muxer-webm: aa71ff27fc2769a1b78a27578f13a17b -> 
  custom:container-demuxer-webm: 4f35f7cbe854078d1ac9338744f61a02 -> 
  custom:video-encoder-webm-vp8: eb34c28f22e8b96e1ab97ce403110664 -> 
  custom:audio-encoder-webm-vorbis: bf7c407c2cedff20999df2af8eb42d56 -> 
  custom:framework-win-MediaFoundation: 216162199b28c13a410421893ffa2e32 -> 
  custom:container-demuxer-ogg: 62fdf1f143b41e24485cea50d1cbac27 -> 
  custom:video-decoder-webm-vp8: 9c59270c3fd7afecdb556c50c9e8de78 -> 
  custom:audio-decoder-ogg-vorbis: bf7c407c2cedff20999df2af8eb42d56 -> 
========================================================================
Received Import Request.
  Time since last request: 30.079776 seconds.
  path: Assets/_Packages/AurynSky/Gems Ultimate Pack/Prefabs/Heart.prefab
  artifactKey: Guid(5a0537415d4017c4fad7a4986f502dc1) Importer(815301076,1909f56bfc062723c751e8b465ee728b)
Start importing Assets/_Packages/AurynSky/Gems Ultimate Pack/Prefabs/Heart.prefab using Guid(5a0537415d4017c4fad7a4986f502dc1) Importer(815301076,1909f56bfc062723c751e8b465ee728b)  -> (artifact id: 'a3927d2927e82316b8e391f0fdd9d1b5') in 0.169048 seconds 
========================================================================
Received Prepare
Registering precompiled user dll's ...
Registered in 0.004632 seconds.
Begin MonoManager ReloadAssembly
* Assertion at C:\build\output\Unity-Technologies\mono\mono\mini\mini-generic-sharing.c:900, condition `oti' not met

Crash!!!
SymInit: Symbol-SearchPath: 'C:/Program Files/Unity/Hub/Editor/2021.2.3f1/Editor/Data/Mono;.;D:\UnityProjects\345ShowpieceProject;D:\UnityProjects\345ShowpieceProject\Library\BurstCache\JIT;C:\Program Files\Unity\Hub\Editor\2021.2.3f1\Editor;C:\Windows;C:\Windows\system32;SRV*C:\websymbols*http://msdl.microsoft.com/download/symbols;', symOptions: 534, UserName: 'Joshu'
OS-Version: 10.0.0
C:\Program Files\Unity\Hub\Editor\2021.2.3f1\Editor\Unity.exe:Unity.exe (00007FF67BD80000), size: 72929280 (result: 0), SymType: '-deferred-', PDB: '', fileVersion: 2021.2.3.13706
C:\Windows\SYSTEM32\ntdll.dll:ntdll.dll (00007FFA59C10000), size: 2052096 (result: 0), SymType: '-deferred-', PDB: '', fileVersion: 10.0.19041.1682
C:\Windows\System32\KERNEL32.DLL:KERNEL32.DLL (00007FFA59A50000), size: 774144 (result: 0), SymType: '-deferred-', PDB: '', fileVersion: 10.0.19041.1706
C:\Windows\System32\KERNELBASE.dll:KERNELBASE.dll (00007FFA57750000), size: 2936832 (result: 0), SymType: '-deferred-', PDB: '', fileVersion: 10.0.19041.1706
C:\Windows\System32\CRYPT32.dll:CRYPT32.dll (00007FFA573C0000), size: 1400832 (result: 0), SymType: '-deferred-', PDB: '', fileVersion: 10.0.19041.1320
C:\Windows\System32\ucrtbase.dll:ucrtbase.dll (00007FFA57520000), size: 1048576 (result: 0), SymType: '-deferred-', PDB: '', fileVersion: 10.0.19041.789
C:\Program Files\Unity\Hub\Editor\2021.2.3f1\Editor\s3tcompress.dll:s3tcompress.dll (00007FFA46310000), size: 180224 (result: 0), SymType: '-deferred-', PDB: ''
C:\Program Files\Unity\Hub\Editor\2021.2.3f1\Editor\libfbxsdk.dll:libfbxsdk.dll (00007FF9ABED0000), size: 10215424 (result: 0), SymType: '-deferred-', PDB: '', fileVersion: 2020.2.0.0
C:\Program Files\Unity\Hub\Editor\2021.2.3f1\Editor\optix.6.0.0.dll:optix.6.0.0.dll (00007FFA33170000), size: 208896 (result: 0), SymType: '-deferred-', PDB: '', fileVersion: 6.0.0.0
C:\Program Files\Unity\Hub\Editor\2021.2.3f1\Editor\etccompress.dll:etccompress.dll (00007FF9AB9F0000), size: 5066752 (result: 0), SymType: '-deferred-', PDB: ''
C:\Windows\System32\USER32.dll:USER32.dll (00007FFA59620000), size: 1703936 (result: 0), SymType: '-deferred-', PDB: '', fileVersion: 10.0.19041.1503
C:\Program Files\Unity\Hub\Editor\2021.2.3f1\Editor\ispc_texcomp.dll:ispc_texcomp.dll (00007FF9B3840000), size: 1740800 (result: 0), SymType: '-deferred-', PDB: ''
C:\Windows\System32\win32u.dll:win32u.dll (00007FFA57A20000), size: 139264 (result: 0), SymType: '-deferred-', PDB: '', fileVersion: 10.0.19041.1706
C:\Windows\System32\ADVAPI32.dll:ADVAPI32.dll (00007FFA57D70000), size: 712704 (result: 0), SymType: '-deferred-', PDB: '', fileVersion: 10.0.19041.1682
C:\Program Files\Unity\Hub\Editor\2021.2.3f1\Editor\FreeImage.dll:FreeImage.dll (0000000180000000), size: 6582272 (result: 0), SymType: '-deferred-', PDB: '', fileVersion: 3.18.0.0
C:\Windows\System32\GDI32.dll:GDI32.dll (00007FFA595F0000), size: 172032 (result: 0), SymType: '-deferred-', PDB: '', fileVersion: 10.0.19041.1620
C:\Windows\System32\msvcrt.dll:msvcrt.dll (00007FFA59B30000), size: 647168 (result: 0), SymType: '-deferred-', PDB: '', fileVersion: 7.0.19041.546
C:\Program Files\Unity\Hub\Editor\2021.2.3f1\Editor\compress_bc7e.dll:compress_bc7e.dll (00007FF9AB890000), size: 1441792 (result: 0), SymType: '-deferred-', PDB: ''
C:\Windows\System32\gdi32full.dll:gdi32full.dll (00007FFA57AC0000), size: 1093632 (result: 0), SymType: '-deferred-', PDB: '', fileVersion: 10.0.19041.1706
C:\Windows\System32\msvcp_win.dll:msvcp_win.dll (00007FFA57320000), size: 643072 (result: 0), SymType: '-deferred-', PDB: '', fileVersion: 10.0.19041.789
C:\Windows\System32\sechost.dll:sechost.dll (00007FFA58830000), size: 638976 (result: 0), SymType: '-deferred-', PDB: '', fileVersion: 10.0.19041.1586
C:\Program Files\Unity\Hub\Editor\2021.2.3f1\Editor\OpenImageDenoise.dll:OpenImageDenoise.dll (00007FF9A7020000), size: 35123200 (result: 0), SymType: '-deferred-', PDB: '', fileVersion: 1.3.0.0
C:\Windows\System32\RPCRT4.dll:RPCRT4.dll (00007FFA59230000), size: 1200128 (result: 0), SymType: '-deferred-', PDB: '', fileVersion: 10.0.19041.1706
C:\Windows\System32\WS2_32.dll:WS2_32.dll (00007FFA59580000), size: 438272 (result: 0), SymType: '-deferred-', PDB: '', fileVersion: 10.0.19041.546
C:\Windows\System32\SHELL32.dll:SHELL32.dll (00007FFA57E20000), size: 7618560 (result: 0), SymType: '-deferred-', PDB: '', fileVersion: 10.0.19041.1706
C:\Windows\System32\SHLWAPI.dll:SHLWAPI.dll (00007FFA59370000), size: 348160 (result: 0), SymType: '-deferred-', PDB: '', fileVersion: 10.0.19041.1706
C:\Program Files\Unity\Hub\Editor\2021.2.3f1\Editor\WinPixEventRuntime.dll:WinPixEventRuntime.dll (00007FFA33160000), size: 45056 (result: 0), SymType: '-deferred-', PDB: '', fileVersion: 1.0.1812.6001
C:\Program Files\Unity\Hub\Editor\2021.2.3f1\Editor\umbraoptimizer64.dll:umbraoptimizer64.dll (00007FF9BD860000), size: 1187840 (result: 0), SymType: '-deferred-', PDB: ''
C:\Windows\System32\ole32.dll:ole32.dll (00007FFA58700000), size: 1220608 (result: 0), SymType: '-deferred-', PDB: '', fileVersion: 10.0.19041.1202
C:\Windows\System32\combase.dll:combase.dll (00007FFA58ED0000), size: 3489792 (result: 0), SymType: '-deferred-', PDB: '', fileVersion: 10.0.19041.1682
C:\Windows\System32\IMM32.dll:IMM32.dll (00007FFA599A0000), size: 196608 (result: 0), SymType: '-deferred-', PDB: '', fileVersion: 10.0.19041.546
C:\Program Files\Unity\Hub\Editor\2021.2.3f1\Editor\tbb12.dll:tbb12.dll (00007FF9B37E0000), size: 389120 (result: 0), SymType: '-deferred-', PDB: ''
C:\Windows\SYSTEM32\MSVCP140.dll:MSVCP140.dll (00007FFA3F300000), size: 581632 (result: 0), SymType: '-deferred-', PDB: '', fileVersion: 14.30.30704.0
C:\Windows\System32\SETUPAPI.dll:SETUPAPI.dll (00007FFA58930000), size: 4657152 (result: 0), SymType: '-deferred-', PDB: '', fileVersion: 10.0.19041.1682
C:\Windows\SYSTEM32\VCRUNTIME140.dll:VCRUNTIME140.dll (00007FFA3F9E0000), size: 110592 (result: 0), SymType: '-deferred-', PDB: '', fileVersion: 14.30.30704.0
C:\Windows\System32\cfgmgr32.dll:cfgmgr32.dll (00007FFA57620000), size: 319488 (result: 0), SymType: '-deferred-', PDB: '', fileVersion: 10.0.19041.1620
C:\Windows\System32\bcrypt.dll:bcrypt.dll (00007FFA57670000), size: 159744 (result: 0), SymType: '-deferred-', PDB: '', fileVersion: 10.0.19041.1023
C:\Windows\SYSTEM32\OPENGL32.dll:OPENGL32.dll (00007FFA458F0000), size: 1204224 (result: 0), SymType: '-deferred-', PDB: '', fileVersion: 10.0.19041.1566
C:\Windows\SYSTEM32\GLU32.dll:GLU32.dll (00007FFA4CC10000), size: 180224 (result: 0), SymType: '-deferred-', PDB: '', fileVersion: 10.0.19041.1566
C:\Windows\SYSTEM32\IPHLPAPI.DLL:IPHLPAPI.DLL (00007FFA56780000), size: 241664 (result: 0), SymType: '-deferred-', PDB: '', fileVersion: 10.0.19041.546
C:\Windows\System32\OLEAUT32.dll:OLEAUT32.dll (00007FFA59850000), size: 839680 (result: 0), SymType: '-deferred-', PDB: '', fileVersion: 10.0.19041.985
C:\Windows\SYSTEM32\VCRUNTIME140_1.dll:VCRUNTIME140_1.dll (00007FFA3EC30000), size: 49152 (result: 0), SymType: '-deferred-', PDB: '', fileVersion: 14.30.30704.0
C:\Windows\System32\WINTRUST.dll:WINTRUST.dll (00007FFA57A50000), size: 425984 (result: 0), SymType: '-deferred-', PDB: '', fileVersion: 10.0.19041.1682
C:\Windows\SYSTEM32\WINHTTP.dll:WINHTTP.dll (00007FFA4E580000), size: 1089536 (result: 0), SymType: '-deferred-', PDB: '', fileVersion: 10.0.19041.1682
C:\Windows\SYSTEM32\WINMM.dll:WINMM.dll (00007FFA46DE0000), size: 159744 (result: 0), SymType: '-deferred-', PDB: '', fileVersion: 10.0.19041.546
C:\Windows\SYSTEM32\HID.DLL:HID.DLL (00007FFA55BC0000), size: 53248 (result: 0), SymType: '-deferred-', PDB: '', fileVersion: 10.0.19041.546
C:\Windows\SYSTEM32\dwmapi.dll:dwmapi.dll (00007FFA54C20000), size: 192512 (result: 0), SymType: '-deferred-', PDB: '', fileVersion: 10.0.19041.746
C:\Program Files\Unity\Hub\Editor\2021.2.3f1\Editor\RadeonImageFilters.dll:RadeonImageFilters.dll (00007FF9AB5B0000), size: 2961408 (result: 0), SymType: '-deferred-', PDB: '', fileVersion: 1.7.0.0
C:\Program Files\Unity\Hub\Editor\2021.2.3f1\Editor\SketchUpAPI.dll:SketchUpAPI.dll (00007FF9AA800000), size: 9306112 (result: 0), SymType: '-deferred-', PDB: '', fileVersion: 20.2.172.0
C:\Windows\SYSTEM32\VERSION.dll:VERSION.dll (00007FFA4EEF0000), size: 40960 (result: 0), SymType: '-deferred-', PDB: '', fileVersion: 10.0.19041.546
C:\Windows\SYSTEM32\WSOCK32.dll:WSOCK32.dll (00007FFA3D220000), size: 36864 (result: 0), SymType: '-deferred-', PDB: '', fileVersion: 10.0.19041.1
C:\Program Files\Unity\Hub\Editor\2021.2.3f1\Editor\SketchUpCommonPreferences.dll:SketchUpCommonPreferences.dll (00007FF9AB530000), size: 479232 (result: 0), SymType: '-deferred-', PDB: '', fileVersion: 20.2.172.37
C:\Program Files\Unity\Hub\Editor\2021.2.3f1\Editor\RadeonML.dll:RadeonML.dll (00007FFA33140000), size: 94208 (result: 0), SymType: '-deferred-', PDB: '', fileVersion: 0.9.11.0
C:\Windows\SYSTEM32\Secur32.dll:Secur32.dll (00007FFA3C5F0000), size: 49152 (result: 0), SymType: '-deferred-', PDB: '', fileVersion: 10.0.19041.546
C:\Windows\SYSTEM32\SSPICLI.DLL:SSPICLI.DLL (00007FFA57210000), size: 204800 (result: 0), SymType: '-deferred-', PDB: '', fileVersion: 10.0.19041.1586
C:\Program Files\Unity\Hub\Editor\2021.2.3f1\Editor\OpenRL.dll:OpenRL.dll (0000022B48650000), size: 12779520 (result: 0), SymType: '-deferred-', PDB: '', fileVersion: 1.5.0.2907
C:\Windows\SYSTEM32\MSVCP100.dll:MSVCP100.dll (00000000610A0000), size: 622592 (result: 0), SymType: '-deferred-', PDB: '', fileVersion: 10.0.40219.325
C:\Windows\SYSTEM32\MSVCR100.dll:MSVCR100.dll (0000000061140000), size: 860160 (result: 0), SymType: '-deferred-', PDB: '', fileVersion: 10.0.40219.325
C:\Program Files\Unity\Hub\Editor\2021.2.3f1\Editor\embree.dll:embree.dll (00007FF9A0510000), size: 16711680 (result: 0), SymType: '-deferred-', PDB: '', fileVersion: 2.14.0.0
C:\Windows\SYSTEM32\MSWSOCK.DLL:MSWSOCK.DLL (00007FFA56AE0000), size: 434176 (result: 0), SymType: '-deferred-', PDB: '', fileVersion: 10.0.19041.546
C:\Program Files\Unity\Hub\Editor\2021.2.3f1\Editor\tbb.dll:tbb.dll (00007FF9AB4C0000), size: 413696 (result: 0), SymType: '-deferred-', PDB: '', fileVersion: 2017.0.2016.1004
C:\Windows\SYSTEM32\MSVCP120.dll:MSVCP120.dll (00007FF9AA750000), size: 679936 (result: 0), SymType: '-deferred-', PDB: '', fileVersion: 12.0.21005.1
C:\Windows\SYSTEM32\MSVCR120.dll:MSVCR120.dll (00007FF9AA660000), size: 978944 (result: 0), SymType: '-deferred-', PDB: '', fileVersion: 12.0.21005.1
C:\Program Files\Unity\Hub\Editor\2021.2.3f1\Editor\OpenRL_pthread.dll:OpenRL_pthread.dll (0000022B492A0000), size: 61440 (result: 0), SymType: '-deferred-', PDB: '', fileVersion: 2.9.0.0
C:\Program Files\Unity\Hub\Editor\2021.2.3f1\Editor\tbbmalloc.dll:tbbmalloc.dll (00007FF9AA600000), size: 372736 (result: 0), SymType: '-deferred-', PDB: '', fileVersion: 2017.0.2016.1004
C:\Windows\SYSTEM32\MSASN1.dll:MSASN1.dll (00007FFA56F10000), size: 73728 (result: 0), SymType: '-deferred-', PDB: '', fileVersion: 10.0.19041.546
C:\Windows\SYSTEM32\kernel.appcore.dll:kernel.appcore.dll (00007FFA55BD0000), size: 73728 (result: 0), SymType: '-deferred-', PDB: '', fileVersion: 10.0.19041.546
C:\Windows\System32\bcryptPrimitives.dll:bcryptPrimitives.dll (00007FFA57BD0000), size: 532480 (result: 0), SymType: '-deferred-', PDB: '', fileVersion: 10.0.19041.1415
C:\Windows\system32\uxtheme.dll:uxtheme.dll (00007FFA54900000), size: 647168 (result: 0), SymType: '-deferred-', PDB: '', fileVersion: 10.0.19041.1620
C:\Windows\System32\shcore.dll:shcore.dll (00007FFA58570000), size: 708608 (result: 0), SymType: '-deferred-', PDB: '', fileVersion: 10.0.19041.1645
C:\Windows\SYSTEM32\windows.storage.dll:windows.storage.dll (00007FFA55420000), size: 7946240 (result: 0), SymType: '-deferred-', PDB: '', fileVersion: 10.0.19041.1706
C:\Windows\SYSTEM32\Wldp.dll:Wldp.dll (00007FFA56D80000), size: 180224 (result: 0), SymType: '-deferred-', PDB: '', fileVersion: 10.0.19041.1682
C:\Windows\SYSTEM32\profapi.dll:profapi.dll (00007FFA57260000), size: 126976 (result: 0), SymType: '-deferred-', PDB: '', fileVersion: 10.0.19041.844
C:\Windows\system32\IconCodecService.dll:IconCodecService.dll (00007FFA4C1A0000), size: 36864 (result: 0), SymType: '-deferred-', PDB: '', fileVersion: 10.0.19041.1
C:\Windows\SYSTEM32\WindowsCodecs.dll:WindowsCodecs.dll (00007FFA4F150000), size: 1785856 (result: 0), SymType: '-deferred-', PDB: '', fileVersion: 10.0.19041.1706
C:\Windows\System32\clbcatq.dll:clbcatq.dll (00007FFA57C60000), size: 692224 (result: 0), SymType: '-deferred-', PDB: '', fileVersion: 2001.12.10941.16384
C:\Windows\System32\netprofm.dll:netprofm.dll (00007FFA51C70000), size: 253952 (result: 0), SymType: '-deferred-', PDB: '', fileVersion: 10.0.19041.906
C:\Windows\System32\npmproxy.dll:npmproxy.dll (00007FFA4FF20000), size: 65536 (result: 0), SymType: '-deferred-', PDB: '', fileVersion: 10.0.19041.906
C:\Windows\System32\NSI.dll:NSI.dll (00007FFA599D0000), size: 32768 (result: 0), SymType: '-deferred-', PDB: '', fileVersion: 10.0.19041.610
C:\Windows\SYSTEM32\dhcpcsvc6.DLL:dhcpcsvc6.DLL (00007FFA4FD10000), size: 94208 (result: 0), SymType: '-deferred-', PDB: '', fileVersion: 10.0.19041.546
C:\Windows\SYSTEM32\dhcpcsvc.DLL:dhcpcsvc.DLL (00007FFA50410000), size: 118784 (result: 0), SymType: '-deferred-', PDB: '', fileVersion: 10.0.19041.546
C:\Windows\SYSTEM32\DNSAPI.dll:DNSAPI.dll (00007FFA567D0000), size: 831488 (result: 0), SymType: '-deferred-', PDB: '', fileVersion: 10.0.19041.1620
C:\Program Files\Bonjour\mdnsNSP.dll:mdnsNSP.dll (0000000060D40000), size: 155648 (result: 0), SymType: '-deferred-', PDB: '', fileVersion: 3.1.0.1
C:\Windows\System32\fwpuclnt.dll:fwpuclnt.dll (00007FFA4D5A0000), size: 524288 (result: 0), SymType: '-deferred-', PDB: '', fileVersion: 10.0.19041.1682
C:\Windows\System32\rasadhlp.dll:rasadhlp.dll (00007FFA4EEE0000), size: 40960 (result: 0), SymType: '-deferred-', PDB: '', fileVersion: 10.0.19041.546
C:\Program Files\Unity\Hub\Editor\2021.2.3f1\Editor\NVUnityPlugin.DLL:NVUnityPlugin.DLL (00007FF993B70000), size: 1523712 (result: 0), SymType: '-deferred-', PDB: ''
C:\Windows\SYSTEM32\vulkan-1.dll:vulkan-1.dll (00007FF993A00000), size: 1445888 (result: 0), SymType: '-deferred-', PDB: '', fileVersion: 1.3.198.1
C:\Windows\system32\dxgi.dll:dxgi.dll (00007FFA55C20000), size: 995328 (result: 0), SymType: '-deferred-', PDB: '', fileVersion: 10.0.19041.1566
C:\Program Files\Unity\Hub\Editor\2021.2.3f1\Editor\Data\Tools\astcenc-avx2.dll:astcenc-avx2.dll (00007FF993970000), size: 561152 (result: 0), SymType: '-deferred-', PDB: ''
C:\Windows\SYSTEM32\d3d11.dll:d3d11.dll (00007FFA52C30000), size: 2506752 (result: 0), SymType: '-deferred-', PDB: '', fileVersion: 10.0.19041.1620
C:\Windows\System32\DriverStore\FileRepository\nvmdi.inf_amd64_410df974fae868d3\nvldumdx.dll:nvldumdx.dll (00007FFA4B5E0000), size: 720896 (result: 0), SymType: '-deferred-', PDB: '', fileVersion: 30.0.15.1277
C:\Windows\SYSTEM32\cryptnet.dll:cryptnet.dll (00007FFA4E520000), size: 200704 (result: 0), SymType: '-deferred-', PDB: '', fileVersion: 10.0.19041.906
C:\Windows\SYSTEM32\drvstore.dll:drvstore.dll (00007FFA4DCA0000), size: 1343488 (result: 0), SymType: '-deferred-', PDB: '', fileVersion: 10.0.19041.1566
C:\Windows\SYSTEM32\devobj.dll:devobj.dll (00007FFA570D0000), size: 180224 (result: 0), SymType: '-deferred-', PDB: '', fileVersion: 10.0.19041.1620
C:\Windows\SYSTEM32\cryptbase.dll:cryptbase.dll (00007FFA56CF0000), size: 49152 (result: 0), SymType: '-deferred-', PDB: '', fileVersion: 10.0.19041.546
C:\Windows\System32\imagehlp.dll:imagehlp.dll (00007FFA59B10000), size: 118784 (result: 0), SymType: '-deferred-', PDB: '', fileVersion: 10.0.19041.1415
C:\Windows\SYSTEM32\CRYPTSP.dll:CRYPTSP.dll (00007FFA56CD0000), size: 98304 (result: 0), SymType: '-deferred-', PDB: '', fileVersion: 10.0.19041.546
C:\Windows\system32\rsaenh.dll:rsaenh.dll (00007FFA563F0000), size: 212992 (result: 0), SymType: '-deferred-', PDB: '', fileVersion: 10.0.19041.1052
C:\Windows\System32\DriverStore\FileRepository\nvmdi.inf_amd64_410df974fae868d3\nvwgf2umx.dll:nvwgf2umx.dll (00007FFA09020000), size: 43294720 (result: 0), SymType: '-deferred-', PDB: '', fileVersion: 30.0.15.1277
C:\Windows\system32\nvspcap64.dll:nvspcap64.dll (00007FF9F1D90000), size: 2912256 (result: 0), SymType: '-deferred-', PDB: '', fileVersion: 3.25.1.27
C:\Windows\SYSTEM32\ntmarta.dll:ntmarta.dll (00007FFA56020000), size: 208896 (result: 0), SymType: '-deferred-', PDB: '', fileVersion: 10.0.19041.546
C:\Windows\SYSTEM32\dxcore.dll:dxcore.dll (00007FFA4BE40000), size: 241664 (result: 0), SymType: '-deferred-', PDB: '', fileVersion: 10.0.19041.546
C:\Windows\system32\wbem\wbemprox.dll:wbemprox.dll (00007FFA4D580000), size: 69632 (result: 0), SymType: '-deferred-', PDB: '', fileVersion: 10.0.19041.1320
C:\Windows\SYSTEM32\wbemcomn.dll:wbemcomn.dll (00007FFA46C10000), size: 589824 (result: 0), SymType: '-deferred-', PDB: '', fileVersion: 10.0.19041.1566
C:\Windows\system32\wbem\wbemsvc.dll:wbemsvc.dll (00007FFA45E80000), size: 81920 (result: 0), SymType: '-deferred-', PDB: '', fileVersion: 10.0.19041.1320
C:\Windows\system32\wbem\fastprox.dll:fastprox.dll (00007FFA464A0000), size: 1093632 (result: 0), SymType: '-deferred-', PDB: '', fileVersion: 10.0.19041.546
C:\Windows\SYSTEM32\amsi.dll:amsi.dll (00007FFA45EB0000), size: 131072 (result: 0), SymType: '-deferred-', PDB: '', fileVersion: 10.0.19041.1620
C:\Windows\SYSTEM32\USERENV.dll:USERENV.dll (00007FFA571E0000), size: 188416 (result: 0), SymType: '-deferred-', PDB: '', fileVersion: 10.0.19041.572
C:\ProgramData\Microsoft\Windows Defender\Platform\4.18.2203.5-0\MpOav.dll:MpOav.dll (00007FFA43E70000), size: 503808 (result: 0), SymType: '-deferred-', PDB: '', fileVersion: 4.18.2203.5
C:\Program Files\Unity\Hub\Editor\2021.2.3f1\Editor\cudart64_90.dll:cudart64_90.dll (00007FF993900000), size: 397312 (result: 0), SymType: '-deferred-', PDB: '', fileVersion: 6.14.11.9000
C:\Windows\SYSTEM32\opencl.dll:opencl.dll (00007FF993790000), size: 1474560 (result: 0), SymType: '-deferred-', PDB: '', fileVersion: 3.0.1.0
C:\Program Files\Unity\Hub\Editor\2021.2.3f1\Editor\radeonrays.dll:radeonrays.dll (00007FF993700000), size: 557056 (result: 0), SymType: '-deferred-', PDB: ''
C:\Program Files\Unity\Hub\Editor\2021.2.3f1\Editor\Data\MonoBleedingEdge\EmbedRuntime\mono-2.0-bdwgc.dll:mono-2.0-bdwgc.dll (00007FF9923F0000), size: 11177984 (result: 0), SymType: '-deferred-', PDB: ''
D:\UnityProjects\345ShowpieceProject\Library\PackageCache\com.unity.burst@1.6.0\.Runtime\burst-llvm-11.dll:burst-llvm-11.dll (00007FF97FFE0000), size: 38744064 (result: 0), SymType: '-deferred-', PDB: ''
C:\Windows\SYSTEM32\PROPSYS.dll:PROPSYS.dll (00007FFA527D0000), size: 1007616 (result: 0), SymType: '-deferred-', PDB: '', fileVersion: 7.0.19041.1023
C:\Windows\WinSxS\amd64_microsoft.windows.common-controls_6595b64144ccf1df_6.0.19041.1110_none_60b5254171f9507e\comctl32.dll:comctl32.dll (00007FFA42550000), size: 2727936 (result: 0), SymType: '-deferred-', PDB: '', fileVersion: 6.10.19041.1110
C:\Windows\System32\MrmCoreR.dll:MrmCoreR.dll (00007FFA4BE80000), size: 999424 (result: 0), SymType: '-deferred-', PDB: '', fileVersion: 10.0.19041.1566
C:\Windows\System32\iertutil.dll:iertutil.dll (00007FFA497C0000), size: 2822144 (result: 0), SymType: '-deferred-', PDB: '', fileVersion: 11.0.19041.1682
C:\Windows\SYSTEM32\windows.staterepositorycore.dll:windows.staterepositorycore.dll (00007FFA41DF0000), size: 69632 (result: 0), SymType: '-deferred-', PDB: '', fileVersion: 10.0.19041.1466
C:\Windows\System32\thumbcache.dll:thumbcache.dll (00007FFA3D830000), size: 417792 (result: 0), SymType: '-deferred-', PDB: '', fileVersion: 10.0.19041.1151
C:\Windows\SYSTEM32\dbghelp.dll:dbghelp.dll (00007FFA550A0000), size: 1982464 (result: 0), SymType: '-deferred-', PDB: '', fileVersion: 10.0.19041.867

========== OUTPUTTING STACK TRACE ==================

0x00007FFA57784FD9 (KERNELBASE) RaiseException
0x00007FF99246064C (mono-2.0-bdwgc) [C:\build\output\Unity-Technologies\mono\mono\utils\mono-log-common.c:143] mono_log_write_logfile 
0x00007FF99244C4A2 (mono-2.0-bdwgc) [C:\build\output\Unity-Technologies\mono\mono\eglib\goutput.c:172] monoeg_g_logv_nofree 
0x00007FF99244C57C (mono-2.0-bdwgc) [C:\build\output\Unity-Technologies\mono\mono\eglib\goutput.c:215] monoeg_assertion_message 
0x00007FF99244C5C9 (mono-2.0-bdwgc) [C:\build\output\Unity-Technologies\mono\mono\eglib\goutput.c:231] mono_assertion_message 
0x00007FF992770305 (mono-2.0-bdwgc) [C:\build\output\Unity-Technologies\mono\mono\mini\mini-generic-sharing.c:3019] fill_runtime_generic_context 
0x00007FF992770419 (mono-2.0-bdwgc) [C:\build\output\Unity-Technologies\mono\mono\mini\mini-generic-sharing.c:3089] mono_class_fill_runtime_generic_context 
0x00007FF992760957 (mono-2.0-bdwgc) [C:\build\output\Unity-Technologies\mono\mono\mini\mini-trampolines.c:1018] mono_rgctx_lazy_fetch_trampoline 
SymInit: Symbol-SearchPath: 'C:/Program Files/Unity/Hub/Editor/2021.2.3f1/Editor/Data/Mono;.;D:\UnityProjects\345ShowpieceProject;D:\UnityProjects\345ShowpieceProject\Library\BurstCache\JIT;C:\Program Files\Unity\Hub\Editor\2021.2.3f1\Editor;C:\Windows;C:\Windows\system32;SRV*C:\websymbols*http://msdl.microsoft.com/download/symbols;', symOptions: 534, UserName: 'Joshu'
OS-Version: 10.0.0
C:\Program Files\Unity\Hub\Editor\2021.2.3f1\Editor\Unity.exe:Unity.exe (00007FF67BD80000), size: 72929280 (result: 0), SymType: 'PDB', PDB: 'C:\Program Files\Unity\Hub\Editor\2021.2.3f1\Editor\Unity_x64.pdb', fileVersion: 2021.2.3.13706
C:\Windows\SYSTEM32\ntdll.dll:ntdll.dll (00007FFA59C10000), size: 2052096 (result: 0), SymType: '-exported-', PDB: 'C:\Windows\SYSTEM32\ntdll.dll', fileVersion: 10.0.19041.1682
C:\Windows\System32\KERNEL32.DLL:KERNEL32.DLL (00007FFA59A50000), size: 774144 (result: 0), SymType: '-exported-', PDB: 'C:\Windows\System32\KERNEL32.DLL', fileVersion: 10.0.19041.1706
C:\Windows\System32\KERNELBASE.dll:KERNELBASE.dll (00007FFA57750000), size: 2936832 (result: 0), SymType: '-exported-', PDB: 'C:\Windows\System32\KERNELBASE.dll', fileVersion: 10.0.19041.1706
C:\Windows\System32\CRYPT32.dll:CRYPT32.dll (00007FFA573C0000), size: 1400832 (result: 0), SymType: '-exported-', PDB: 'C:\Windows\System32\CRYPT32.dll', fileVersion: 10.0.19041.1320
C:\Windows\System32\ucrtbase.dll:ucrtbase.dll (00007FFA57520000), size: 1048576 (result: 0), SymType: '-exported-', PDB: 'C:\Windows\System32\ucrtbase.dll', fileVersion: 10.0.19041.789
C:\Program Files\Unity\Hub\Editor\2021.2.3f1\Editor\s3tcompress.dll:s3tcompress.dll (00007FFA46310000), size: 180224 (result: 0), SymType: '-exported-', PDB: 'C:\Program Files\Unity\Hub\Editor\2021.2.3f1\Editor\s3tcompress.dll'
C:\Program Files\Unity\Hub\Editor\2021.2.3f1\Editor\libfbxsdk.dll:libfbxsdk.dll (00007FF9ABED0000), size: 10215424 (result: 0), SymType: '-exported-', PDB: 'C:\Program Files\Unity\Hub\Editor\2021.2.3f1\Editor\libfbxsdk.dll', fileVersion: 2020.2.0.0
C:\Program Files\Unity\Hub\Editor\2021.2.3f1\Editor\optix.6.0.0.dll:optix.6.0.0.dll (00007FFA33170000), size: 208896 (result: 0), SymType: '-exported-', PDB: 'C:\Program Files\Unity\Hub\Editor\2021.2.3f1\Editor\optix.6.0.0.dll', fileVersion: 6.0.0.0
C:\Program Files\Unity\Hub\Editor\2021.2.3f1\Editor\etccompress.dll:etccompress.dll (00007FF9AB9F0000), size: 5066752 (result: 0), SymType: '-exported-', PDB: 'C:\Program Files\Unity\Hub\Editor\2021.2.3f1\Editor\etccompress.dll'
C:\Windows\System32\USER32.dll:USER32.dll (00007FFA59620000), size: 1703936 (result: 0), SymType: '-exported-', PDB: 'C:\Windows\System32\USER32.dll', fileVersion: 10.0.19041.1503
C:\Program Files\Unity\Hub\Editor\2021.2.3f1\Editor\ispc_texcomp.dll:ispc_texcomp.dll (00007FF9B3840000), size: 1740800 (result: 0), SymType: '-exported-', PDB: 'C:\Program Files\Unity\Hub\Editor\2021.2.3f1\Editor\ispc_texcomp.dll'
C:\Windows\System32\win32u.dll:win32u.dll (00007FFA57A20000), size: 139264 (result: 0), SymType: '-exported-', PDB: 'C:\Windows\System32\win32u.dll', fileVersion: 10.0.19041.1706
C:\Windows\System32\ADVAPI32.dll:ADVAPI32.dll (00007FFA57D70000), size: 712704 (result: 0), SymType: '-exported-', PDB: 'C:\Windows\System32\ADVAPI32.dll', fileVersion: 10.0.19041.1682
C:\Program Files\Unity\Hub\Editor\2021.2.3f1\Editor\FreeImage.dll:FreeImage.dll (0000000180000000), size: 6582272 (result: 0), SymType: '-exported-', PDB: 'C:\Program Files\Unity\Hub\Editor\2021.2.3f1\Editor\FreeImage.dll', fileVersion: 3.18.0.0
C:\Windows\System32\GDI32.dll:GDI32.dll (00007FFA595F0000), size: 172032 (result: 0), SymType: '-exported-', PDB: 'C:\Windows\System32\GDI32.dll', fileVersion: 10.0.19041.1620
C:\Windows\System32\msvcrt.dll:msvcrt.dll (00007FFA59B30000), size: 647168 (result: 0), SymType: '-exported-', PDB: 'C:\Windows\System32\msvcrt.dll', fileVersion: 7.0.19041.546
C:\Program Files\Unity\Hub\Editor\2021.2.3f1\Editor\compress_bc7e.dll:compress_bc7e.dll (00007FF9AB890000), size: 1441792 (result: 0), SymType: '-exported-', PDB: 'C:\Program Files\Unity\Hub\Editor\2021.2.3f1\Editor\compress_bc7e.dll'
C:\Windows\System32\gdi32full.dll:gdi32full.dll (00007FFA57AC0000), size: 1093632 (result: 0), SymType: '-exported-', PDB: 'C:\Windows\System32\gdi32full.dll', fileVersion: 10.0.19041.1706
C:\Windows\System32\msvcp_win.dll:msvcp_win.dll (00007FFA57320000), size: 643072 (result: 0), SymType: '-exported-', PDB: 'C:\Windows\System32\msvcp_win.dll', fileVersion: 10.0.19041.789
C:\Windows\System32\sechost.dll:sechost.dll (00007FFA58830000), size: 638976 (result: 0), SymType: '-exported-', PDB: 'C:\Windows\System32\sechost.dll', fileVersion: 10.0.19041.1586
C:\Program Files\Unity\Hub\Editor\2021.2.3f1\Editor\OpenImageDenoise.dll:OpenImageDenoise.dll (00007FF9A7020000), size: 35123200 (result: 0), SymType: '-exported-', PDB: 'C:\Program Files\Unity\Hub\Editor\2021.2.3f1\Editor\OpenImageDenoise.dll', fileVersion: 1.3.0.0
C:\Windows\System32\RPCRT4.dll:RPCRT4.dll (00007FFA59230000), size: 1200128 (result: 0), SymType: '-exported-', PDB: 'C:\Windows\System32\RPCRT4.dll', fileVersion: 10.0.19041.1706
C:\Windows\System32\WS2_32.dll:WS2_32.dll (00007FFA59580000), size: 438272 (result: 0), SymType: '-exported-', PDB: 'C:\Windows\System32\WS2_32.dll', fileVersion: 10.0.19041.546
C:\Windows\System32\SHELL32.dll:SHELL32.dll (00007FFA57E20000), size: 7618560 (result: 0), SymType: '-exported-', PDB: 'C:\Windows\System32\SHELL32.dll', fileVersion: 10.0.19041.1706
C:\Windows\System32\SHLWAPI.dll:SHLWAPI.dll (00007FFA59370000), size: 348160 (result: 0), SymType: '-exported-', PDB: 'C:\Windows\System32\SHLWAPI.dll', fileVersion: 10.0.19041.1706
C:\Program Files\Unity\Hub\Editor\2021.2.3f1\Editor\WinPixEventRuntime.dll:WinPixEventRuntime.dll (00007FFA33160000), size: 45056 (result: 0), SymType: '-exported-', PDB: 'C:\Program Files\Unity\Hub\Editor\2021.2.3f1\Editor\WinPixEventRuntime.dll', fileVersion: 1.0.1812.6001
C:\Program Files\Unity\Hub\Editor\2021.2.3f1\Editor\umbraoptimizer64.dll:umbraoptimizer64.dll (00007FF9BD860000), size: 1187840 (result: 0), SymType: '-exported-', PDB: 'C:\Program Files\Unity\Hub\Editor\2021.2.3f1\Editor\umbraoptimizer64.dll'
C:\Windows\System32\ole32.dll:ole32.dll (00007FFA58700000), size: 1220608 (result: 0), SymType: '-exported-', PDB: 'C:\Windows\System32\ole32.dll', fileVersion: 10.0.19041.1202
C:\Windows\System32\combase.dll:combase.dll (00007FFA58ED0000), size: 3489792 (result: 0), SymType: '-exported-', PDB: 'C:\Windows\System32\combase.dll', fileVersion: 10.0.19041.1682
C:\Windows\System32\IMM32.dll:IMM32.dll (00007FFA599A0000), size: 196608 (result: 0), SymType: '-exported-', PDB: 'C:\Windows\System32\IMM32.dll', fileVersion: 10.0.19041.546
C:\Program Files\Unity\Hub\Editor\2021.2.3f1\Editor\tbb12.dll:tbb12.dll (00007FF9B37E0000), size: 389120 (result: 0), SymType: '-exported-', PDB: 'C:\Program Files\Unity\Hub\Editor\2021.2.3f1\Editor\tbb12.dll'
C:\Windows\SYSTEM32\MSVCP140.dll:MSVCP140.dll (00007FFA3F300000), size: 581632 (result: 0), SymType: '-exported-', PDB: 'C:\Windows\SYSTEM32\MSVCP140.dll', fileVersion: 14.30.30704.0
C:\Windows\System32\SETUPAPI.dll:SETUPAPI.dll (00007FFA58930000), size: 4657152 (result: 0), SymType: '-exported-', PDB: 'C:\Windows\System32\SETUPAPI.dll', fileVersion: 10.0.19041.1682
C:\Windows\SYSTEM32\VCRUNTIME140.dll:VCRUNTIME140.dll (00007FFA3F9E0000), size: 110592 (result: 0), SymType: '-exported-', PDB: 'C:\Windows\SYSTEM32\VCRUNTIME140.dll', fileVersion: 14.30.30704.0
C:\Windows\System32\cfgmgr32.dll:cfgmgr32.dll (00007FFA57620000), size: 319488 (result: 0), SymType: '-exported-', PDB: 'C:\Windows\System32\cfgmgr32.dll', fileVersion: 10.0.19041.1620
C:\Windows\System32\bcrypt.dll:bcrypt.dll (00007FFA57670000), size: 159744 (result: 0), SymType: '-exported-', PDB: 'C:\Windows\System32\bcrypt.dll', fileVersion: 10.0.19041.1023
C:\Windows\SYSTEM32\OPENGL32.dll:OPENGL32.dll (00007FFA458F0000), size: 1204224 (result: 0), SymType: '-exported-', PDB: 'C:\Windows\SYSTEM32\OPENGL32.dll', fileVersion: 10.0.19041.1566
C:\Windows\SYSTEM32\GLU32.dll:GLU32.dll (00007FFA4CC10000), size: 180224 (result: 0), SymType: '-exported-', PDB: 'C:\Windows\SYSTEM32\GLU32.dll', fileVersion: 10.0.19041.1566
C:\Windows\SYSTEM32\IPHLPAPI.DLL:IPHLPAPI.DLL (00007FFA56780000), size: 241664 (result: 0), SymType: '-exported-', PDB: 'C:\Windows\SYSTEM32\IPHLPAPI.DLL', fileVersion: 10.0.19041.546
C:\Windows\System32\OLEAUT32.dll:OLEAUT32.dll (00007FFA59850000), size: 839680 (result: 0), SymType: '-exported-', PDB: 'C:\Windows\System32\OLEAUT32.dll', fileVersion: 10.0.19041.985
C:\Windows\SYSTEM32\VCRUNTIME140_1.dll:VCRUNTIME140_1.dll (00007FFA3EC30000), size: 49152 (result: 0), SymType: '-exported-', PDB: 'C:\Windows\SYSTEM32\VCRUNTIME140_1.dll', fileVersion: 14.30.30704.0
C:\Windows\System32\WINTRUST.dll:WINTRUST.dll (00007FFA57A50000), size: 425984 (result: 0), SymType: '-exported-', PDB: 'C:\Windows\System32\WINTRUST.dll', fileVersion: 10.0.19041.1682
C:\Windows\SYSTEM32\WINHTTP.dll:WINHTTP.dll (00007FFA4E580000), size: 1089536 (result: 0), SymType: '-exported-', PDB: 'C:\Windows\SYSTEM32\WINHTTP.dll', fileVersion: 10.0.19041.1682
C:\Windows\SYSTEM32\WINMM.dll:WINMM.dll (00007FFA46DE0000), size: 159744 (result: 0), SymType: '-exported-', PDB: 'C:\Windows\SYSTEM32\WINMM.dll', fileVersion: 10.0.19041.546
C:\Windows\SYSTEM32\HID.DLL:HID.DLL (00007FFA55BC0000), size: 53248 (result: 0), SymType: '-exported-', PDB: 'C:\Windows\SYSTEM32\HID.DLL', fileVersion: 10.0.19041.546
C:\Windows\SYSTEM32\dwmapi.dll:dwmapi.dll (00007FFA54C20000), size: 192512 (result: 0), SymType: '-exported-', PDB: 'C:\Windows\SYSTEM32\dwmapi.dll', fileVersion: 10.0.19041.746
C:\Program Files\Unity\Hub\Editor\2021.2.3f1\Editor\RadeonImageFilters.dll:RadeonImageFilters.dll (00007FF9AB5B0000), size: 2961408 (result: 0), SymType: '-exported-', PDB: 'C:\Program Files\Unity\Hub\Editor\2021.2.3f1\Editor\RadeonImageFilters.dll', fileVersion: 1.7.0.0
C:\Program Files\Unity\Hub\Editor\2021.2.3f1\Editor\SketchUpAPI.dll:SketchUpAPI.dll (00007FF9AA800000), size: 9306112 (result: 0), SymType: '-exported-', PDB: 'C:\Program Files\Unity\Hub\Editor\2021.2.3f1\Editor\SketchUpAPI.dll', fileVersion: 20.2.172.0
C:\Windows\SYSTEM32\VERSION.dll:VERSION.dll (00007FFA4EEF0000), size: 40960 (result: 0), SymType: '-exported-', PDB: 'C:\Windows\SYSTEM32\VERSION.dll', fileVersion: 10.0.19041.546
C:\Windows\SYSTEM32\WSOCK32.dll:WSOCK32.dll (00007FFA3D220000), size: 36864 (result: 0), SymType: '-exported-', PDB: 'C:\Windows\SYSTEM32\WSOCK32.dll', fileVersion: 10.0.19041.1
C:\Program Files\Unity\Hub\Editor\2021.2.3f1\Editor\SketchUpCommonPreferences.dll:SketchUpCommonPreferences.dll (00007FF9AB530000), size: 479232 (result: 0), SymType: '-exported-', PDB: 'C:\Program Files\Unity\Hub\Editor\2021.2.3f1\Editor\SketchUpCommonPreferences.dll', fileVersion: 20.2.172.37
C:\Program Files\Unity\Hub\Editor\2021.2.3f1\Editor\RadeonML.dll:RadeonML.dll (00007FFA33140000), size: 94208 (result: 0), SymType: '-exported-', PDB: 'C:\Program Files\Unity\Hub\Editor\2021.2.3f1\Editor\RadeonML.dll', fileVersion: 0.9.11.0
C:\Windows\SYSTEM32\Secur32.dll:Secur32.dll (00007FFA3C5F0000), size: 49152 (result: 0), SymType: '-exported-', PDB: 'C:\Windows\SYSTEM32\Secur32.dll', fileVersion: 10.0.19041.546
C:\Windows\SYSTEM32\SSPICLI.DLL:SSPICLI.DLL (00007FFA57210000), size: 204800 (result: 0), SymType: '-exported-', PDB: 'C:\Windows\SYSTEM32\SSPICLI.DLL', fileVersion: 10.0.19041.1586
C:\Program Files\Unity\Hub\Editor\2021.2.3f1\Editor\OpenRL.dll:OpenRL.dll (0000022B48650000), size: 12779520 (result: 0), SymType: '-exported-', PDB: 'C:\Program Files\Unity\Hub\Editor\2021.2.3f1\Editor\OpenRL.dll', fileVersion: 1.5.0.2907
C:\Windows\SYSTEM32\MSVCP100.dll:MSVCP100.dll (00000000610A0000), size: 622592 (result: 0), SymType: '-exported-', PDB: 'C:\Windows\SYSTEM32\MSVCP100.dll', fileVersion: 10.0.40219.325
C:\Windows\SYSTEM32\MSVCR100.dll:MSVCR100.dll (0000000061140000), size: 860160 (result: 0), SymType: '-exported-', PDB: 'C:\Windows\SYSTEM32\MSVCR100.dll', fileVersion: 10.0.40219.325
C:\Program Files\Unity\Hub\Editor\2021.2.3f1\Editor\embree.dll:embree.dll (00007FF9A0510000), size: 16711680 (result: 0), SymType: '-exported-', PDB: 'C:\Program Files\Unity\Hub\Editor\2021.2.3f1\Editor\embree.dll', fileVersion: 2.14.0.0
C:\Windows\SYSTEM32\MSWSOCK.DLL:MSWSOCK.DLL (00007FFA56AE0000), size: 434176 (result: 0), SymType: '-exported-', PDB: 'C:\Windows\SYSTEM32\MSWSOCK.DLL', fileVersion: 10.0.19041.546
C:\Program Files\Unity\Hub\Editor\2021.2.3f1\Editor\tbb.dll:tbb.dll (00007FF9AB4C0000), size: 413696 (result: 0), SymType: '-exported-', PDB: 'C:\Program Files\Unity\Hub\Editor\2021.2.3f1\Editor\tbb.dll', fileVersion: 2017.0.2016.1004
C:\Windows\SYSTEM32\MSVCP120.dll:MSVCP120.dll (00007FF9AA750000), size: 679936 (result: 0), SymType: '-exported-', PDB: 'C:\Windows\SYSTEM32\MSVCP120.dll', fileVersion: 12.0.21005.1
C:\Windows\SYSTEM32\MSVCR120.dll:MSVCR120.dll (00007FF9AA660000), size: 978944 (result: 0), SymType: '-exported-', PDB: 'C:\Windows\SYSTEM32\MSVCR120.dll', fileVersion: 12.0.21005.1
C:\Program Files\Unity\Hub\Editor\2021.2.3f1\Editor\OpenRL_pthread.dll:OpenRL_pthread.dll (0000022B492A0000), size: 61440 (result: 0), SymType: '-exported-', PDB: 'C:\Program Files\Unity\Hub\Editor\2021.2.3f1\Editor\OpenRL_pthread.dll', fileVersion: 2.9.0.0
C:\Program Files\Unity\Hub\Editor\2021.2.3f1\Editor\tbbmalloc.dll:tbbmalloc.dll (00007FF9AA600000), size: 372736 (result: 0), SymType: '-exported-', PDB: 'C:\Program Files\Unity\Hub\Editor\2021.2.3f1\Editor\tbbmalloc.dll', fileVersion: 2017.0.2016.1004
C:\Windows\SYSTEM32\MSASN1.dll:MSASN1.dll (00007FFA56F10000), size: 73728 (result: 0), SymType: '-exported-', PDB: 'C:\Windows\SYSTEM32\MSASN1.dll', fileVersion: 10.0.19041.546
C:\Windows\SYSTEM32\kernel.appcore.dll:kernel.appcore.dll (00007FFA55BD0000), size: 73728 (result: 0), SymType: '-exported-', PDB: 'C:\Windows\SYSTEM32\kernel.appcore.dll', fileVersion: 10.0.19041.546
C:\Windows\System32\bcryptPrimitives.dll:bcryptPrimitives.dll (00007FFA57BD0000), size: 532480 (result: 0), SymType: '-exported-', PDB: 'C:\Windows\System32\bcryptPrimitives.dll', fileVersion: 10.0.19041.1415
C:\Windows\system32\uxtheme.dll:uxtheme.dll (00007FFA54900000), size: 647168 (result: 0), SymType: '-exported-', PDB: 'C:\Windows\system32\uxtheme.dll', fileVersion: 10.0.19041.1620
C:\Windows\System32\shcore.dll:shcore.dll (00007FFA58570000), size: 708608 (result: 0), SymType: '-exported-', PDB: 'C:\Windows\System32\shcore.dll', fileVersion: 10.0.19041.1645
C:\Windows\SYSTEM32\windows.storage.dll:windows.storage.dll (00007FFA55420000), size: 7946240 (result: 0), SymType: '-exported-', PDB: 'C:\Windows\SYSTEM32\windows.storage.dll', fileVersion: 10.0.19041.1706
C:\Windows\SYSTEM32\Wldp.dll:Wldp.dll (00007FFA56D80000), size: 180224 (result: 0), SymType: '-exported-', PDB: 'C:\Windows\SYSTEM32\Wldp.dll', fileVersion: 10.0.19041.1682
C:\Windows\SYSTEM32\profapi.dll:profapi.dll (00007FFA57260000), size: 126976 (result: 0), SymType: '-nosymbols-', PDB: 'C:\Windows\SYSTEM32\profapi.dll', fileVersion: 10.0.19041.844
C:\Windows\system32\IconCodecService.dll:IconCodecService.dll (00007FFA4C1A0000), size: 36864 (result: 0), SymType: '-nosymbols-', PDB: 'C:\Windows\system32\IconCodecService.dll', fileVersion: 10.0.19041.1
C:\Windows\SYSTEM32\WindowsCodecs.dll:WindowsCodecs.dll (00007FFA4F150000), size: 1785856 (result: 0), SymType: '-exported-', PDB: 'C:\Windows\SYSTEM32\WindowsCodecs.dll', fileVersion: 10.0.19041.1706
C:\Windows\System32\clbcatq.dll:clbcatq.dll (00007FFA57C60000), size: 692224 (result: 0), SymType: '-exported-', PDB: 'C:\Windows\System32\clbcatq.dll', fileVersion: 2001.12.10941.16384
C:\Windows\System32\netprofm.dll:netprofm.dll (00007FFA51C70000), size: 253952 (result: 0), SymType: '-exported-', PDB: 'C:\Windows\System32\netprofm.dll', fileVersion: 10.0.19041.906
C:\Windows\System32\npmproxy.dll:npmproxy.dll (00007FFA4FF20000), size: 65536 (result: 0), SymType: '-exported-', PDB: 'C:\Windows\System32\npmproxy.dll', fileVersion: 10.0.19041.906
C:\Windows\System32\NSI.dll:NSI.dll (00007FFA599D0000), size: 32768 (result: 0), SymType: '-exported-', PDB: 'C:\Windows\System32\NSI.dll', fileVersion: 10.0.19041.610
C:\Windows\SYSTEM32\dhcpcsvc6.DLL:dhcpcsvc6.DLL (00007FFA4FD10000), size: 94208 (result: 0), SymType: '-exported-', PDB: 'C:\Windows\SYSTEM32\dhcpcsvc6.DLL', fileVersion: 10.0.19041.546
C:\Windows\SYSTEM32\dhcpcsvc.DLL:dhcpcsvc.DLL (00007FFA50410000), size: 118784 (result: 0), SymType: '-exported-', PDB: 'C:\Windows\SYSTEM32\dhcpcsvc.DLL', fileVersion: 10.0.19041.546
C:\Windows\SYSTEM32\DNSAPI.dll:DNSAPI.dll (00007FFA567D0000), size: 831488 (result: 0), SymType: '-exported-', PDB: 'C:\Windows\SYSTEM32\DNSAPI.dll', fileVersion: 10.0.19041.1620
C:\Program Files\Bonjour\mdnsNSP.dll:mdnsNSP.dll (0000000060D40000), size: 155648 (result: 0), SymType: '-exported-', PDB: 'C:\Program Files\Bonjour\mdnsNSP.dll', fileVersion: 3.1.0.1
C:\Windows\System32\fwpuclnt.dll:fwpuclnt.dll (00007FFA4D5A0000), size: 524288 (result: 0), SymType: '-exported-', PDB: 'C:\Windows\System32\fwpuclnt.dll', fileVersion: 10.0.19041.1682
C:\Windows\System32\rasadhlp.dll:rasadhlp.dll (00007FFA4EEE0000), size: 40960 (result: 0), SymType: '-exported-', PDB: 'C:\Windows\System32\rasadhlp.dll', fileVersion: 10.0.19041.546
C:\Program Files\Unity\Hub\Editor\2021.2.3f1\Editor\NVUnityPlugin.DLL:NVUnityPlugin.DLL (00007FF993B70000), size: 1523712 (result: 0), SymType: '-exported-', PDB: 'C:\Program Files\Unity\Hub\Editor\2021.2.3f1\Editor\NVUnityPlugin.DLL'
C:\Windows\SYSTEM32\vulkan-1.dll:vulkan-1.dll (00007FF993A00000), size: 1445888 (result: 0), SymType: '-exported-', PDB: 'C:\Windows\SYSTEM32\vulkan-1.dll', fileVersion: 1.3.198.1
C:\Windows\system32\dxgi.dll:dxgi.dll (00007FFA55C20000), size: 995328 (result: 0), SymType: '-exported-', PDB: 'C:\Windows\system32\dxgi.dll', fileVersion: 10.0.19041.1566
C:\Program Files\Unity\Hub\Editor\2021.2.3f1\Editor\Data\Tools\astcenc-avx2.dll:astcenc-avx2.dll (00007FF993970000), size: 561152 (result: 0), SymType: '-exported-', PDB: 'C:\Program Files\Unity\Hub\Editor\2021.2.3f1\Editor\Data\Tools\astcenc-avx2.dll'
C:\Windows\SYSTEM32\d3d11.dll:d3d11.dll (00007FFA52C30000), size: 2506752 (result: 0), SymType: '-exported-', PDB: 'C:\Windows\SYSTEM32\d3d11.dll', fileVersion: 10.0.19041.1620
C:\Windows\System32\DriverStore\FileRepository\nvmdi.inf_amd64_410df974fae868d3\nvldumdx.dll:nvldumdx.dll (00007FFA4B5E0000), size: 720896 (result: 0), SymType: '-exported-', PDB: 'C:\Windows\System32\DriverStore\FileRepository\nvmdi.inf_amd64_410df974fae868d3\nvldumdx.dll', fileVersion: 30.0.15.1277
C:\Windows\SYSTEM32\cryptnet.dll:cryptnet.dll (00007FFA4E520000), size: 200704 (result: 0), SymType: '-exported-', PDB: 'C:\Windows\SYSTEM32\cryptnet.dll', fileVersion: 10.0.19041.906
C:\Windows\SYSTEM32\drvstore.dll:drvstore.dll (00007FFA4DCA0000), size: 1343488 (result: 0), SymType: '-exported-', PDB: 'C:\Windows\SYSTEM32\drvstore.dll', fileVersion: 10.0.19041.1566
C:\Windows\SYSTEM32\devobj.dll:devobj.dll (00007FFA570D0000), size: 180224 (result: 0), SymType: '-exported-', PDB: 'C:\Windows\SYSTEM32\devobj.dll', fileVersion: 10.0.19041.1620
C:\Windows\SYSTEM32\cryptbase.dll:cryptbase.dll (00007FFA56CF0000), size: 49152 (result: 0), SymType: '-exported-', PDB: 'C:\Windows\SYSTEM32\cryptbase.dll', fileVersion: 10.0.19041.546
C:\Windows\System32\imagehlp.dll:imagehlp.dll (00007FFA59B10000), size: 118784 (result: 0), SymType: '-exported-', PDB: 'C:\Windows\System32\imagehlp.dll', fileVersion: 10.0.19041.1415
C:\Windows\SYSTEM32\CRYPTSP.dll:CRYPTSP.dll (00007FFA56CD0000), size: 98304 (result: 0), SymType: '-exported-', PDB: 'C:\Windows\SYSTEM32\CRYPTSP.dll', fileVersion: 10.0.19041.546
C:\Windows\system32\rsaenh.dll:rsaenh.dll (00007FFA563F0000), size: 212992 (result: 0), SymType: '-exported-', PDB: 'C:\Windows\system32\rsaenh.dll', fileVersion: 10.0.19041.1052
C:\Windows\System32\DriverStore\FileRepository\nvmdi.inf_amd64_410df974fae868d3\nvwgf2umx.dll:nvwgf2umx.dll (00007FFA09020000), size: 43294720 (result: 0), SymType: '-exported-', PDB: 'C:\Windows\System32\DriverStore\FileRepository\nvmdi.inf_amd64_410df974fae868d3\nvwgf2umx.dll', fileVersion: 30.0.15.1277
C:\Windows\system32\nvspcap64.dll:nvspcap64.dll (00007FF9F1D90000), size: 2912256 (result: 0), SymType: '-exported-', PDB: 'C:\Windows\system32\nvspcap64.dll', fileVersion: 3.25.1.27
C:\Windows\SYSTEM32\ntmarta.dll:ntmarta.dll (00007FFA56020000), size: 208896 (result: 0), SymType: '-exported-', PDB: 'C:\Windows\SYSTEM32\ntmarta.dll', fileVersion: 10.0.19041.546
C:\Windows\SYSTEM32\dxcore.dll:dxcore.dll (00007FFA4BE40000), size: 241664 (result: 0), SymType: '-exported-', PDB: 'C:\Windows\SYSTEM32\dxcore.dll', fileVersion: 10.0.19041.546
C:\Windows\system32\wbem\wbemprox.dll:wbemprox.dll (00007FFA4D580000), size: 69632 (result: 0), SymType: '-exported-', PDB: 'C:\Windows\system32\wbem\wbemprox.dll', fileVersion: 10.0.19041.1320
C:\Windows\SYSTEM32\wbemcomn.dll:wbemcomn.dll (00007FFA46C10000), size: 589824 (result: 0), SymType: '-exported-', PDB: 'C:\Windows\SYSTEM32\wbemcomn.dll', fileVersion: 10.0.19041.1566
C:\Windows\system32\wbem\wbemsvc.dll:wbemsvc.dll (00007FFA45E80000), size: 81920 (result: 0), SymType: '-exported-', PDB: 'C:\Windows\system32\wbem\wbemsvc.dll', fileVersion: 10.0.19041.1320
C:\Windows\system32\wbem\fastprox.dll:fastprox.dll (00007FFA464A0000), size: 1093632 (result: 0), SymType: '-exported-', PDB: 'C:\Windows\system32\wbem\fastprox.dll', fileVersion: 10.0.19041.546
C:\Windows\SYSTEM32\amsi.dll:amsi.dll (00007FFA45EB0000), size: 131072 (result: 0), SymType: '-exported-', PDB: 'C:\Windows\SYSTEM32\amsi.dll', fileVersion: 10.0.19041.1620
C:\Windows\SYSTEM32\USERENV.dll:USERENV.dll (00007FFA571E0000), size: 188416 (result: 0), SymType: '-exported-', PDB: 'C:\Windows\SYSTEM32\USERENV.dll', fileVersion: 10.0.19041.572
C:\ProgramData\Microsoft\Windows Defender\Platform\4.18.2203.5-0\MpOav.dll:MpOav.dll (00007FFA43E70000), size: 503808 (result: 0), SymType: '-exported-', PDB: 'C:\ProgramData\Microsoft\Windows Defender\Platform\4.18.2203.5-0\MpOav.dll', fileVersion: 4.18.2203.5
C:\Program Files\Unity\Hub\Editor\2021.2.3f1\Editor\cudart64_90.dll:cudart64_90.dll (00007FF993900000), size: 397312 (result: 0), SymType: '-exported-', PDB: 'C:\Program Files\Unity\Hub\Editor\2021.2.3f1\Editor\cudart64_90.dll', fileVersion: 6.14.11.9000
C:\Windows\SYSTEM32\opencl.dll:opencl.dll (00007FF993790000), size: 1474560 (result: 0), SymType: '-exported-', PDB: 'C:\Windows\SYSTEM32\opencl.dll', fileVersion: 3.0.1.0
C:\Program Files\Unity\Hub\Editor\2021.2.3f1\Editor\radeonrays.dll:radeonrays.dll (00007FF993700000), size: 557056 (result: 0), SymType: '-exported-', PDB: 'C:\Program Files\Unity\Hub\Editor\2021.2.3f1\Editor\radeonrays.dll'
C:\Program Files\Unity\Hub\Editor\2021.2.3f1\Editor\Data\MonoBleedingEdge\EmbedRuntime\mono-2.0-bdwgc.dll:mono-2.0-bdwgc.dll (00007FF9923F0000), size: 11177984 (result: 0), SymType: 'PDB', PDB: 'C:\Program Files\Unity\Hub\Editor\2021.2.3f1\Editor\mono-2.0-bdwgc.pdb'
D:\UnityProjects\345ShowpieceProject\Library\PackageCache\com.unity.burst@1.6.0\.Runtime\burst-llvm-11.dll:burst-llvm-11.dll (00007FF97FFE0000), size: 38744064 (result: 0), SymType: '-exported-', PDB: 'D:\UnityProjects\345ShowpieceProject\Library\PackageCache\com.unity.burst@1.6.0\.Runtime\burst-llvm-11.dll'
C:\Windows\SYSTEM32\PROPSYS.dll:PROPSYS.dll (00007FFA527D0000), size: 1007616 (result: 0), SymType: '-exported-', PDB: 'C:\Windows\SYSTEM32\PROPSYS.dll', fileVersion: 7.0.19041.1023
C:\Windows\WinSxS\amd64_microsoft.windows.common-controls_6595b64144ccf1df_6.0.19041.1110_none_60b5254171f9507e\comctl32.dll:comctl32.dll (00007FFA42550000), size: 2727936 (result: 0), SymType: '-exported-', PDB: 'C:\Windows\WinSxS\amd64_microsoft.windows.common-controls_6595b64144ccf1df_6.0.19041.1110_none_60b5254171f9507e\comctl32.dll', fileVersion: 6.10.19041.1110
C:\Windows\System32\MrmCoreR.dll:MrmCoreR.dll (00007FFA4BE80000), size: 999424 (result: 0), SymType: '-exported-', PDB: 'C:\Windows\System32\MrmCoreR.dll', fileVersion: 10.0.19041.1566
C:\Windows\System32\iertutil.dll:iertutil.dll (00007FFA497C0000), size: 2822144 (result: 0), SymType: '-exported-', PDB: 'C:\Windows\System32\iertutil.dll', fileVersion: 11.0.19041.1682
C:\Windows\SYSTEM32\windows.staterepositorycore.dll:windows.staterepositorycore.dll (00007FFA41DF0000), size: 69632 (result: 0), SymType: '-exported-', PDB: 'C:\Windows\SYSTEM32\windows.staterepositorycore.dll', fileVersion: 10.0.19041.1466
C:\Windows\System32\thumbcache.dll:thumbcache.dll (00007FFA3D830000), size: 417792 (result: 0), SymType: '-exported-', PDB: 'C:\Windows\System32\thumbcache.dll', fileVersion: 10.0.19041.1151
C:\Windows\SYSTEM32\dbghelp.dll:dbghelp.dll (00007FFA550A0000), size: 1982464 (result: 0), SymType: '-exported-', PDB: 'C:\Windows\SYSTEM32\dbghelp.dll', fileVersion: 10.0.19041.867
  ERROR: SymGetSymFromAddr64, GetLastError: 'The specified module could not be found.' (Address: 0000022D3D0408C6)
  ERROR: SymGetModuleInfo64, GetLastError: 'A dynamic link library (DLL) initialization routine failed.' (Address: 0000022D3D0408C6)
0x0000022D3D0408C6 ((<unknown>)) (function-name not available)
0x0000022D4B391DFB (Mono JIT Code) System.Collections.ObjectModel.ReadOnlyCollection`1<T_REF>:GetEnumerator ()
0x0000022D4B4690F3 (Mono JIT Code) [D:\UnityProjects\345ShowpieceProject\Library\PackageCache\com.unity.render-pipelines.core@12.1.1\Runtime\Volume\VolumeComponent.cs:187] UnityEngine.Rendering.VolumeComponent:OnDisable () 
0x0000022D4B38EEC8 (Mono JIT Code) (wrapper runtime-invoke) object:runtime_invoke_void__this__ (object,intptr,intptr,intptr)
0x00007FF99266E034 (mono-2.0-bdwgc) [C:\build\output\Unity-Technologies\mono\mono\mini\mini-runtime.c:3445] mono_jit_runtime_invoke 
0x00007FF9925AE724 (mono-2.0-bdwgc) [C:\build\output\Unity-Technologies\mono\mono\metadata\object.c:3064] do_runtime_invoke 
0x00007FF9925AE8BC (mono-2.0-bdwgc) [C:\build\output\Unity-Technologies\mono\mono\metadata\object.c:3111] mono_runtime_invoke 
0x00007FF67CCCE4D4 (Unity) scripting_method_invoke
0x00007FF67CCC9154 (Unity) ScriptingInvocation::Invoke
0x00007FF67CCC923E (Unity) ScriptingInvocation::InvokeChecked
0x00007FF67CD42706 (Unity) SerializableManagedRef::CallMethod
0x00007FF67CCA7F46 (Unity) MonoBehaviour::WillUnloadScriptableObject
0x00007FF67CCA003D (Unity) MonoManager::RemoveBehavioursFromManager
0x00007FF67CC960C5 (Unity) MonoManager::BeginReloadAssembly
0x00007FF67CC9FD37 (Unity) MonoManager::ReloadAssembly
0x00007FF67DBB3822 (Unity) LoadDomainAndUserAssemblies
0x00007FF67DBB3F54 (Unity) LoadUserAssemblies
0x00007FF67E043648 (Unity) <lambda_c8aac203af85da22e031a8e6d38250eb>::operator()
0x00007FF67E0D8592 (Unity) asio::detail::completion_handler<core::mutable_function<void __cdecl(void)> >::do_complete
0x00007FF67E0DA81D (Unity) asio::detail::win_iocp_io_service::do_one
0x00007FF67E0DDC3E (Unity) asio::io_service::run
0x00007FF67E0D6A31 (Unity) IOService::Run
0x00007FF67E06FB98 (Unity) RunAssetImportWorkerClientV2
0x00007FF67E06FC6B (Unity) RunAssetImporterV2
0x00007FF67D8B8A4C (Unity) Application::InitializeProject
0x00007FF67DD01FD8 (Unity) WinMain
0x00007FF67F0113A2 (Unity) __scrt_common_main_seh
0x00007FFA59A67034 (KERNEL32) BaseThreadInitThunk
0x00007FFA59C62651 (ntdll) RtlUserThreadStart

========== END OF STACKTRACE ===========

A crash has been intercepted by the crash handler. For call stack and other details, see the latest crash report generated in:
 * C:/Users/Joshu/AppData/Local/Temp/Unity/Editor/Crashes
