Using pre-set license
Built from '2021.2/staging' branch; Version is '2021.2.3f1 (32358a8527b4) revision 3290506'; Using compiler version '192829333'; Build Type 'Release'
OS: 'Windows 10 Pro for Workstations; OS build 19044.1706; Version 2009; 64bit' Language: 'en' Physical Memory: 16272 MB
BatchMode: 1, IsHumanControllingUs: 0, StartBugReporterOnCrash: 0, Is64bit: 1, IsPro: 0

COMMAND LINE ARGUMENTS:
C:\Program Files\Unity\Hub\Editor\2021.2.3f1\Editor\Unity.exe
-adb2
-batchMode
-noUpm
-name
AssetImportWorker6
-projectPath
D:/UnityProjects/345ShowpieceProject
-logFile
Logs/AssetImportWorker6.log
-srvPort
60482
Successfully changed project path to: D:/UnityProjects/345ShowpieceProject
D:/UnityProjects/345ShowpieceProject
[UnityMemory] Configuration Parameters - Can be set up in boot.config
    "memorysetup-bucket-allocator-granularity=16"
    "memorysetup-bucket-allocator-bucket-count=8"
    "memorysetup-bucket-allocator-block-size=33554432"
    "memorysetup-bucket-allocator-block-count=8"
    "memorysetup-main-allocator-block-size=16777216"
    "memorysetup-thread-allocator-block-size=16777216"
    "memorysetup-gfx-main-allocator-block-size=16777216"
    "memorysetup-gfx-thread-allocator-block-size=16777216"
    "memorysetup-cache-allocator-block-size=4194304"
    "memorysetup-typetree-allocator-block-size=2097152"
    "memorysetup-profiler-bucket-allocator-granularity=16"
    "memorysetup-profiler-bucket-allocator-bucket-count=8"
    "memorysetup-profiler-bucket-allocator-block-size=33554432"
    "memorysetup-profiler-bucket-allocator-block-count=8"
    "memorysetup-profiler-allocator-block-size=16777216"
    "memorysetup-profiler-editor-allocator-block-size=1048576"
    "memorysetup-temp-allocator-size-main=16777216"
    "memorysetup-job-temp-allocator-block-size=2097152"
    "memorysetup-job-temp-allocator-block-size-background=1048576"
    "memorysetup-job-temp-allocator-reduction-small-platforms=262144"
    "memorysetup-temp-allocator-size-background-worker=32768"
    "memorysetup-temp-allocator-size-job-worker=262144"
    "memorysetup-temp-allocator-size-preload-manager=33554432"
    "memorysetup-temp-allocator-size-nav-mesh-worker=65536"
    "memorysetup-temp-allocator-size-audio-worker=65536"
    "memorysetup-temp-allocator-size-cloud-worker=32768"
    "memorysetup-temp-allocator-size-gi-baking-worker=262144"
    "memorysetup-temp-allocator-size-gfx=262144"
Refreshing native plugins compatible for Editor in 110.23 ms, found 3 plugins.
Preloading 0 native plugins for Editor in 0.00 ms.
Initialize engine version: 2021.2.3f1 (32358a8527b4)
[Subsystems] Discovering subsystems at path C:/Program Files/Unity/Hub/Editor/2021.2.3f1/Editor/Data/Resources/UnitySubsystems
[Subsystems] Discovering subsystems at path D:/UnityProjects/345ShowpieceProject/Assets
GfxDevice: creating device client; threaded=0; jobified=0
Direct3D:
    Version:  Direct3D 11.0 [level 11.1]
    Renderer: NVIDIA GeForce GTX 1660 (ID=0x2184)
    Vendor:   NVIDIA
    VRAM:     5992 MB
    Driver:   30.0.15.1277
Initialize mono
Mono path[0] = 'C:/Program Files/Unity/Hub/Editor/2021.2.3f1/Editor/Data/Managed'
Mono path[1] = 'C:/Program Files/Unity/Hub/Editor/2021.2.3f1/Editor/Data/MonoBleedingEdge/lib/mono/unityjit-win32'
Mono config path = 'C:/Program Files/Unity/Hub/Editor/2021.2.3f1/Editor/Data/MonoBleedingEdge/etc'
Using monoOptions --debugger-agent=transport=dt_socket,embedding=1,server=y,suspend=n,address=127.0.0.1:56032
Begin MonoManager ReloadAssembly
Registering precompiled unity dll's ...
Register platform support module: C:/Program Files/Unity/Hub/Editor/2021.2.3f1/Editor/Data/PlaybackEngines/WindowsStandaloneSupport/UnityEditor.WindowsStandalone.Extensions.dll
Registered in 0.007354 seconds.
Native extension for WindowsStandalone target not found
Refreshing native plugins compatible for Editor in 110.63 ms, found 3 plugins.
Preloading 0 native plugins for Editor in 0.00 ms.
Mono: successfully reloaded assembly
- Completed reload, in  0.590 seconds
Domain Reload Profiling:
	ReloadAssembly (591ms)
		BeginReloadAssembly (66ms)
			ExecutionOrderSort (0ms)
			DisableScriptedObjects (0ms)
			BackupInstance (0ms)
			ReleaseScriptingObjects (0ms)
			CreateAndSetChildDomain (1ms)
		EndReloadAssembly (450ms)
			LoadAssemblies (63ms)
			RebuildTransferFunctionScriptingTraits (0ms)
			SetupTypeCache (89ms)
			ReleaseScriptCaches (0ms)
			RebuildScriptCaches (25ms)
			SetupLoadedEditorAssemblies (289ms)
				LogAssemblyErrors (0ms)
				InitializePlatformSupportModulesInManaged (14ms)
				SetLoadedEditorAssemblies (0ms)
				RefreshPlugins (111ms)
				BeforeProcessingInitializeOnLoad (1ms)
				ProcessInitializeOnLoadAttributes (123ms)
				ProcessInitializeOnLoadMethodAttributes (40ms)
				AfterProcessingInitializeOnLoad (0ms)
				EditorAssembliesLoaded (0ms)
			ExecutionOrderSort2 (0ms)
			AwakeInstancesAfterBackupRestoration (0ms)
Platform modules already initialized, skipping
Registering precompiled user dll's ...
Registered in 0.005161 seconds.
Begin MonoManager ReloadAssembly
Symbol file LoadedFromMemory doesn't match image D:\UnityProjects\345ShowpieceProject\Library\PackageCache\com.unity.visualscripting@1.7.5\Editor\VisualScripting.Core\Dependencies\YamlDotNet\Unity.VisualScripting.YamlDotNet.dll
Symbol file LoadedFromMemory doesn't match image D:\UnityProjects\345ShowpieceProject\Library\PackageCache\com.unity.visualscripting@1.7.5\Editor\VisualScripting.Core\Dependencies\DotNetZip\Unity.VisualScripting.IonicZip.dll
Native extension for WindowsStandalone target not found
Refreshing native plugins compatible for Editor in 112.35 ms, found 3 plugins.
Preloading 0 native plugins for Editor in 0.00 ms.
Mono: successfully reloaded assembly
- Completed reload, in  1.936 seconds
Domain Reload Profiling:
	ReloadAssembly (1937ms)
		BeginReloadAssembly (153ms)
			ExecutionOrderSort (0ms)
			DisableScriptedObjects (5ms)
			BackupInstance (0ms)
			ReleaseScriptingObjects (0ms)
			CreateAndSetChildDomain (18ms)
		EndReloadAssembly (1694ms)
			LoadAssemblies (74ms)
			RebuildTransferFunctionScriptingTraits (0ms)
			SetupTypeCache (277ms)
			ReleaseScriptCaches (1ms)
			RebuildScriptCaches (90ms)
			SetupLoadedEditorAssemblies (1152ms)
				LogAssemblyErrors (0ms)
				InitializePlatformSupportModulesInManaged (10ms)
				SetLoadedEditorAssemblies (0ms)
				RefreshPlugins (112ms)
				BeforeProcessingInitializeOnLoad (120ms)
				ProcessInitializeOnLoadAttributes (817ms)
				ProcessInitializeOnLoadMethodAttributes (83ms)
				AfterProcessingInitializeOnLoad (9ms)
				EditorAssembliesLoaded (0ms)
			ExecutionOrderSort2 (0ms)
			AwakeInstancesAfterBackupRestoration (7ms)
Platform modules already initialized, skipping
========================================================================
Worker process is ready to serve import requests
Launched and connected shader compiler UnityShaderCompiler.exe after 0.06 seconds
Refreshing native plugins compatible for Editor in 0.99 ms, found 3 plugins.
Preloading 0 native plugins for Editor in 0.00 ms.
Unloading 5653 Unused Serialized files (Serialized files now loaded: 0)
Unloading 53 unused Assets / (0.8 MB). Loaded Objects now: 6106.
Memory consumption went from 226.1 MB to 225.3 MB.
Total: 3.882600 ms (FindLiveObjects: 0.457100 ms CreateObjectMapping: 0.134400 ms MarkObjects: 2.962900 ms  DeleteObjects: 0.327100 ms)

AssetImportParameters requested are different than current active one (requested -> active):
  custom:video-decoder-ogg-theora: a1e56fd34408186e4bbccfd4996cb3dc -> 
  custom:container-muxer-webm: aa71ff27fc2769a1b78a27578f13a17b -> 
  custom:container-demuxer-webm: 4f35f7cbe854078d1ac9338744f61a02 -> 
  custom:video-encoder-webm-vp8: eb34c28f22e8b96e1ab97ce403110664 -> 
  custom:audio-encoder-webm-vorbis: bf7c407c2cedff20999df2af8eb42d56 -> 
  custom:framework-win-MediaFoundation: 216162199b28c13a410421893ffa2e32 -> 
  custom:container-demuxer-ogg: 62fdf1f143b41e24485cea50d1cbac27 -> 
  custom:video-decoder-webm-vp8: 9c59270c3fd7afecdb556c50c9e8de78 -> 
  custom:audio-decoder-ogg-vorbis: bf7c407c2cedff20999df2af8eb42d56 -> 
========================================================================
Received Import Request.
  Time since last request: 722874.502238 seconds.
  path: Assets/_Packages/ModularCharacters/Skelly/Models/SkellyNoBones (1).fbx
  artifactKey: Guid(a81c2a494d70a37408e1bce072fc3c72) Importer(815301076,1909f56bfc062723c751e8b465ee728b)
Start importing Assets/_Packages/ModularCharacters/Skelly/Models/SkellyNoBones (1).fbx using Guid(a81c2a494d70a37408e1bce072fc3c72) Importer(815301076,1909f56bfc062723c751e8b465ee728b)  -> (artifact id: 'e75c03bf729736c4eac103f3aa0a26bd') in 0.265449 seconds 
========================================================================
Received Import Request.
  Time since last request: 9.680230 seconds.
  path: Assets/_Packages/ModularCharacters/Skelly/Models/SkellyNoBones (1).fbx
  artifactKey: Guid(a81c2a494d70a37408e1bce072fc3c72) Importer(815301076,1909f56bfc062723c751e8b465ee728b)
Start importing Assets/_Packages/ModularCharacters/Skelly/Models/SkellyNoBones (1).fbx using Guid(a81c2a494d70a37408e1bce072fc3c72) Importer(815301076,1909f56bfc062723c751e8b465ee728b)  -> (artifact id: '62623ba96225f7f8b277822c1bd10a89') in 0.036213 seconds 
========================================================================
Received Import Request.
  Time since last request: 7.489453 seconds.
  path: Assets/_Packages/ModularCharacters/Skelly/Models/SkellyNoBones (1).fbx
  artifactKey: Guid(a81c2a494d70a37408e1bce072fc3c72) Importer(815301076,1909f56bfc062723c751e8b465ee728b)
Start importing Assets/_Packages/ModularCharacters/Skelly/Models/SkellyNoBones (1).fbx using Guid(a81c2a494d70a37408e1bce072fc3c72) Importer(815301076,1909f56bfc062723c751e8b465ee728b)  -> (artifact id: '7a1b828ecef915d071e9e04cae3c8570') in 0.027690 seconds 
========================================================================
Received Import Request.
  Time since last request: 718.020658 seconds.
  path: Assets/_zGameAssets/Entities
  artifactKey: Guid(6c6e368af09340845ab9311b98907dad) Importer(815301076,1909f56bfc062723c751e8b465ee728b)
Start importing Assets/_zGameAssets/Entities using Guid(6c6e368af09340845ab9311b98907dad) Importer(815301076,1909f56bfc062723c751e8b465ee728b)  -> (artifact id: '8bee9e16db98f158d3c2b53b37af521f') in 0.007119 seconds 
========================================================================
Received Import Request.
  Time since last request: 18.690908 seconds.
  path: Assets/_zGameAssets/Entities/Prefab
  artifactKey: Guid(6fd39048dd2350144b69bc3b811e3e39) Importer(815301076,1909f56bfc062723c751e8b465ee728b)
Start importing Assets/_zGameAssets/Entities/Prefab using Guid(6fd39048dd2350144b69bc3b811e3e39) Importer(815301076,1909f56bfc062723c751e8b465ee728b)  -> (artifact id: '6258d3d53432cb5c7e1902387736d56f') in 0.004940 seconds 
========================================================================
Received Import Request.
  Time since last request: 11.467268 seconds.
  path: Assets/_zGameAssets/Entities/Prefabs/RangedEnemy.prefab
  artifactKey: Guid(5cd32d983e391664d8c6a9494710b82b) Importer(815301076,1909f56bfc062723c751e8b465ee728b)
Start importing Assets/_zGameAssets/Entities/Prefabs/RangedEnemy.prefab using Guid(5cd32d983e391664d8c6a9494710b82b) Importer(815301076,1909f56bfc062723c751e8b465ee728b)  -> (artifact id: 'e8b2305940a6515b622f70c5efee57eb') in 0.056266 seconds 
========================================================================
Received Import Request.
  Time since last request: 4.764457 seconds.
  path: Assets/_zGameAssets/Entities/Prefabs/RangedEnemy.prefab
  artifactKey: Guid(5cd32d983e391664d8c6a9494710b82b) Importer(815301076,1909f56bfc062723c751e8b465ee728b)
Start importing Assets/_zGameAssets/Entities/Prefabs/RangedEnemy.prefab using Guid(5cd32d983e391664d8c6a9494710b82b) Importer(815301076,1909f56bfc062723c751e8b465ee728b)  -> (artifact id: '46224f7ff22ed0c894bd3354e55fed53') in 0.026561 seconds 
========================================================================
Received Import Request.
  Time since last request: 19.836485 seconds.
  path: Assets/_zGameAssets/Entities/Prefabs/RangedEnemy.prefab
  artifactKey: Guid(5cd32d983e391664d8c6a9494710b82b) Importer(815301076,1909f56bfc062723c751e8b465ee728b)
Start importing Assets/_zGameAssets/Entities/Prefabs/RangedEnemy.prefab using Guid(5cd32d983e391664d8c6a9494710b82b) Importer(815301076,1909f56bfc062723c751e8b465ee728b)  -> (artifact id: '361dfb20166f0d2a6ec64522f6f560ca') in 0.028534 seconds 
========================================================================
Received Import Request.
  Time since last request: 4.765808 seconds.
  path: Assets/_zGameAssets/Entities/Prefabs/RangedEnemy.prefab
  artifactKey: Guid(5cd32d983e391664d8c6a9494710b82b) Importer(815301076,1909f56bfc062723c751e8b465ee728b)
Start importing Assets/_zGameAssets/Entities/Prefabs/RangedEnemy.prefab using Guid(5cd32d983e391664d8c6a9494710b82b) Importer(815301076,1909f56bfc062723c751e8b465ee728b)  -> (artifact id: '61899ac2863cbf6c6480670c6612c73d') in 0.027983 seconds 
========================================================================
Received Import Request.
  Time since last request: 1.173025 seconds.
  path: Assets/_zGameAssets/Entities/Prefabs/RangedEnemy.prefab
  artifactKey: Guid(5cd32d983e391664d8c6a9494710b82b) Importer(815301076,1909f56bfc062723c751e8b465ee728b)
Start importing Assets/_zGameAssets/Entities/Prefabs/RangedEnemy.prefab using Guid(5cd32d983e391664d8c6a9494710b82b) Importer(815301076,1909f56bfc062723c751e8b465ee728b)  -> (artifact id: '503886b9d50ecb5b317db8bdbc10b834') in 0.028390 seconds 
========================================================================
Received Import Request.
  Time since last request: 0.562326 seconds.
  path: Assets/_zGameAssets/Entities/Prefabs/RangedEnemy.prefab
  artifactKey: Guid(5cd32d983e391664d8c6a9494710b82b) Importer(815301076,1909f56bfc062723c751e8b465ee728b)
Start importing Assets/_zGameAssets/Entities/Prefabs/RangedEnemy.prefab using Guid(5cd32d983e391664d8c6a9494710b82b) Importer(815301076,1909f56bfc062723c751e8b465ee728b)  -> (artifact id: '07c081fb258b6bfa78669e5d4e601d8c') in 0.027414 seconds 
========================================================================
Received Import Request.
  Time since last request: 1.173563 seconds.
  path: Assets/_zGameAssets/Entities/Prefabs/RangedEnemy.prefab
  artifactKey: Guid(5cd32d983e391664d8c6a9494710b82b) Importer(815301076,1909f56bfc062723c751e8b465ee728b)
Start importing Assets/_zGameAssets/Entities/Prefabs/RangedEnemy.prefab using Guid(5cd32d983e391664d8c6a9494710b82b) Importer(815301076,1909f56bfc062723c751e8b465ee728b)  -> (artifact id: '455f362c5fc2385a12a212cc3ef61ab4') in 0.029989 seconds 
========================================================================
Received Import Request.
  Time since last request: 0.567238 seconds.
  path: Assets/_zGameAssets/Entities/Prefabs/RangedEnemy.prefab
  artifactKey: Guid(5cd32d983e391664d8c6a9494710b82b) Importer(815301076,1909f56bfc062723c751e8b465ee728b)
Start importing Assets/_zGameAssets/Entities/Prefabs/RangedEnemy.prefab using Guid(5cd32d983e391664d8c6a9494710b82b) Importer(815301076,1909f56bfc062723c751e8b465ee728b)  -> (artifact id: '3e334087d4adc48fcde20c432ddc23ff') in 0.026224 seconds 
========================================================================
Received Import Request.
  Time since last request: 5.452781 seconds.
  path: Assets/_zGameAssets/Entities/Prefabs/RangedEnemy.prefab
  artifactKey: Guid(5cd32d983e391664d8c6a9494710b82b) Importer(815301076,1909f56bfc062723c751e8b465ee728b)
Start importing Assets/_zGameAssets/Entities/Prefabs/RangedEnemy.prefab using Guid(5cd32d983e391664d8c6a9494710b82b) Importer(815301076,1909f56bfc062723c751e8b465ee728b)  -> (artifact id: 'f3a18cc88d4db807b57d62b988930b09') in 0.029435 seconds 
========================================================================
Received Import Request.
  Time since last request: 11.229747 seconds.
  path: Assets/_zGameAssets/Entities/Prefabs/RangedEnemy.prefab
  artifactKey: Guid(5cd32d983e391664d8c6a9494710b82b) Importer(815301076,1909f56bfc062723c751e8b465ee728b)
Start importing Assets/_zGameAssets/Entities/Prefabs/RangedEnemy.prefab using Guid(5cd32d983e391664d8c6a9494710b82b) Importer(815301076,1909f56bfc062723c751e8b465ee728b)  -> (artifact id: '8cbda02cb9113e2774cc24d6a9c1cc38') in 0.030271 seconds 
========================================================================
Received Prepare
Registering precompiled user dll's ...
Registered in 0.004875 seconds.
Begin MonoManager ReloadAssembly
Symbol file LoadedFromMemory doesn't match image D:\UnityProjects\345ShowpieceProject\Library\PackageCache\com.unity.visualscripting@1.7.5\Editor\VisualScripting.Core\Dependencies\YamlDotNet\Unity.VisualScripting.YamlDotNet.dll
Symbol file LoadedFromMemory doesn't match image D:\UnityProjects\345ShowpieceProject\Library\PackageCache\com.unity.visualscripting@1.7.5\Editor\VisualScripting.Core\Dependencies\DotNetZip\Unity.VisualScripting.IonicZip.dll
Native extension for WindowsStandalone target not found
Refreshing native plugins compatible for Editor in 1.10 ms, found 3 plugins.
Preloading 0 native plugins for Editor in 0.00 ms.
Mono: successfully reloaded assembly
- Completed reload, in  1.338 seconds
Domain Reload Profiling:
	ReloadAssembly (1338ms)
		BeginReloadAssembly (158ms)
			ExecutionOrderSort (0ms)
			DisableScriptedObjects (8ms)
			BackupInstance (0ms)
			ReleaseScriptingObjects (0ms)
			CreateAndSetChildDomain (48ms)
		EndReloadAssembly (1076ms)
			LoadAssemblies (85ms)
			RebuildTransferFunctionScriptingTraits (0ms)
			SetupTypeCache (286ms)
			ReleaseScriptCaches (2ms)
			RebuildScriptCaches (49ms)
			SetupLoadedEditorAssemblies (520ms)
				LogAssemblyErrors (0ms)
				InitializePlatformSupportModulesInManaged (10ms)
				SetLoadedEditorAssemblies (0ms)
				RefreshPlugins (1ms)
				BeforeProcessingInitializeOnLoad (95ms)
				ProcessInitializeOnLoadAttributes (342ms)
				ProcessInitializeOnLoadMethodAttributes (63ms)
				AfterProcessingInitializeOnLoad (8ms)
				EditorAssembliesLoaded (0ms)
			ExecutionOrderSort2 (0ms)
			AwakeInstancesAfterBackupRestoration (12ms)
Platform modules already initialized, skipping
Refreshing native plugins compatible for Editor in 1.01 ms, found 3 plugins.
Preloading 0 native plugins for Editor in 0.00 ms.
Unloading 5518 Unused Serialized files (Serialized files now loaded: 0)
Unloading 29 unused Assets / (431.1 KB). Loaded Objects now: 6187.
Memory consumption went from 237.3 MB to 236.9 MB.
Total: 4.020000 ms (FindLiveObjects: 0.580400 ms CreateObjectMapping: 0.165200 ms MarkObjects: 3.108000 ms  DeleteObjects: 0.165400 ms)

AssetImportParameters requested are different than current active one (requested -> active):
  custom:video-decoder-ogg-theora: a1e56fd34408186e4bbccfd4996cb3dc -> 
  custom:container-muxer-webm: aa71ff27fc2769a1b78a27578f13a17b -> 
  custom:container-demuxer-webm: 4f35f7cbe854078d1ac9338744f61a02 -> 
  custom:video-encoder-webm-vp8: eb34c28f22e8b96e1ab97ce403110664 -> 
  custom:audio-encoder-webm-vorbis: bf7c407c2cedff20999df2af8eb42d56 -> 
  custom:framework-win-MediaFoundation: 216162199b28c13a410421893ffa2e32 -> 
  custom:container-demuxer-ogg: 62fdf1f143b41e24485cea50d1cbac27 -> 
  custom:video-decoder-webm-vp8: 9c59270c3fd7afecdb556c50c9e8de78 -> 
  custom:audio-decoder-ogg-vorbis: bf7c407c2cedff20999df2af8eb42d56 -> 
========================================================================
Received Import Request.
  Time since last request: 121.624394 seconds.
  path: Assets/_zGameAssets/Entities/Prefabs/RangedEnemy.prefab
  artifactKey: Guid(5cd32d983e391664d8c6a9494710b82b) Importer(815301076,1909f56bfc062723c751e8b465ee728b)
Start importing Assets/_zGameAssets/Entities/Prefabs/RangedEnemy.prefab using Guid(5cd32d983e391664d8c6a9494710b82b) Importer(815301076,1909f56bfc062723c751e8b465ee728b)  -> (artifact id: '1b269fbcd295b125f7019b8335614fc5') in 0.187187 seconds 
========================================================================
Received Prepare
Registering precompiled user dll's ...
Registered in 0.004759 seconds.
Begin MonoManager ReloadAssembly
Symbol file LoadedFromMemory doesn't match image D:\UnityProjects\345ShowpieceProject\Library\PackageCache\com.unity.visualscripting@1.7.5\Editor\VisualScripting.Core\Dependencies\YamlDotNet\Unity.VisualScripting.YamlDotNet.dll
Symbol file LoadedFromMemory doesn't match image D:\UnityProjects\345ShowpieceProject\Library\PackageCache\com.unity.visualscripting@1.7.5\Editor\VisualScripting.Core\Dependencies\DotNetZip\Unity.VisualScripting.IonicZip.dll
Native extension for WindowsStandalone target not found
Refreshing native plugins compatible for Editor in 0.99 ms, found 3 plugins.
Preloading 0 native plugins for Editor in 0.00 ms.
Mono: successfully reloaded assembly
- Completed reload, in  1.376 seconds
Domain Reload Profiling:
	ReloadAssembly (1377ms)
		BeginReloadAssembly (162ms)
			ExecutionOrderSort (0ms)
			DisableScriptedObjects (7ms)
			BackupInstance (0ms)
			ReleaseScriptingObjects (0ms)
			CreateAndSetChildDomain (49ms)
		EndReloadAssembly (1095ms)
			LoadAssemblies (108ms)
			RebuildTransferFunctionScriptingTraits (0ms)
			SetupTypeCache (304ms)
			ReleaseScriptCaches (2ms)
			RebuildScriptCaches (49ms)
			SetupLoadedEditorAssemblies (520ms)
				LogAssemblyErrors (0ms)
				InitializePlatformSupportModulesInManaged (11ms)
				SetLoadedEditorAssemblies (0ms)
				RefreshPlugins (1ms)
				BeforeProcessingInitializeOnLoad (93ms)
				ProcessInitializeOnLoadAttributes (343ms)
				ProcessInitializeOnLoadMethodAttributes (63ms)
				AfterProcessingInitializeOnLoad (9ms)
				EditorAssembliesLoaded (0ms)
			ExecutionOrderSort2 (0ms)
			AwakeInstancesAfterBackupRestoration (12ms)
Platform modules already initialized, skipping
Refreshing native plugins compatible for Editor in 1.12 ms, found 3 plugins.
Preloading 0 native plugins for Editor in 0.00 ms.
Unloading 5507 Unused Serialized files (Serialized files now loaded: 0)
Unloading 29 unused Assets / (439.0 KB). Loaded Objects now: 6241.
Memory consumption went from 236.8 MB to 236.4 MB.
Total: 3.898700 ms (FindLiveObjects: 0.549800 ms CreateObjectMapping: 0.137500 ms MarkObjects: 3.023400 ms  DeleteObjects: 0.186700 ms)

AssetImportParameters requested are different than current active one (requested -> active):
  custom:video-decoder-ogg-theora: a1e56fd34408186e4bbccfd4996cb3dc -> 
  custom:container-muxer-webm: aa71ff27fc2769a1b78a27578f13a17b -> 
  custom:container-demuxer-webm: 4f35f7cbe854078d1ac9338744f61a02 -> 
  custom:video-encoder-webm-vp8: eb34c28f22e8b96e1ab97ce403110664 -> 
  custom:audio-encoder-webm-vorbis: bf7c407c2cedff20999df2af8eb42d56 -> 
  custom:framework-win-MediaFoundation: 216162199b28c13a410421893ffa2e32 -> 
  custom:container-demuxer-ogg: 62fdf1f143b41e24485cea50d1cbac27 -> 
  custom:video-decoder-webm-vp8: 9c59270c3fd7afecdb556c50c9e8de78 -> 
  custom:audio-decoder-ogg-vorbis: bf7c407c2cedff20999df2af8eb42d56 -> 
========================================================================
Received Import Request.
  Time since last request: 452.996261 seconds.
  path: Assets/_Packages/ModularCharacters/Skelly/Materials/bone 1.mat
  artifactKey: Guid(95e54fd93b1322846bf2cb026aaf822b) Importer(815301076,1909f56bfc062723c751e8b465ee728b)
Start importing Assets/_Packages/ModularCharacters/Skelly/Materials/bone 1.mat using Guid(95e54fd93b1322846bf2cb026aaf822b) Importer(815301076,1909f56bfc062723c751e8b465ee728b)  -> (artifact id: '64c270e9ffed0fe4c34ea46a7722907d') in 0.890619 seconds 
========================================================================
Received Import Request.
  Time since last request: 0.000052 seconds.
  path: Assets/_Packages/ModularCharacters/Skelly/Materials/wood 1.mat
  artifactKey: Guid(a388aedcfc39e504dbd376c858be570f) Importer(815301076,1909f56bfc062723c751e8b465ee728b)
Start importing Assets/_Packages/ModularCharacters/Skelly/Materials/wood 1.mat using Guid(a388aedcfc39e504dbd376c858be570f) Importer(815301076,1909f56bfc062723c751e8b465ee728b)  -> (artifact id: '01d0bc65f602a1622775a39e5e4cfc0f') in 0.014091 seconds 
========================================================================
Received Import Request.
  Time since last request: 0.000040 seconds.
  path: Assets/_Packages/ModularCharacters/Skelly/Materials/steel.mat
  artifactKey: Guid(b1583d1731180354285d3e2b5260cfe9) Importer(815301076,1909f56bfc062723c751e8b465ee728b)
Start importing Assets/_Packages/ModularCharacters/Skelly/Materials/steel.mat using Guid(b1583d1731180354285d3e2b5260cfe9) Importer(815301076,1909f56bfc062723c751e8b465ee728b)  -> (artifact id: '1ceec481c64c807dc66133b4db4a1345') in 0.025483 seconds 
========================================================================
Received Prepare
Registering precompiled user dll's ...
Registered in 0.005038 seconds.
Begin MonoManager ReloadAssembly
Symbol file LoadedFromMemory doesn't match image D:\UnityProjects\345ShowpieceProject\Library\PackageCache\com.unity.visualscripting@1.7.5\Editor\VisualScripting.Core\Dependencies\YamlDotNet\Unity.VisualScripting.YamlDotNet.dll
Symbol file LoadedFromMemory doesn't match image D:\UnityProjects\345ShowpieceProject\Library\PackageCache\com.unity.visualscripting@1.7.5\Editor\VisualScripting.Core\Dependencies\DotNetZip\Unity.VisualScripting.IonicZip.dll
Native extension for WindowsStandalone target not found
Refreshing native plugins compatible for Editor in 0.94 ms, found 3 plugins.
Preloading 0 native plugins for Editor in 0.00 ms.
Mono: successfully reloaded assembly
- Completed reload, in  1.413 seconds
Domain Reload Profiling:
	ReloadAssembly (1413ms)
		BeginReloadAssembly (152ms)
			ExecutionOrderSort (0ms)
			DisableScriptedObjects (8ms)
			BackupInstance (0ms)
			ReleaseScriptingObjects (0ms)
			CreateAndSetChildDomain (47ms)
		EndReloadAssembly (1159ms)
			LoadAssemblies (91ms)
			RebuildTransferFunctionScriptingTraits (0ms)
			SetupTypeCache (305ms)
			ReleaseScriptCaches (3ms)
			RebuildScriptCaches (53ms)
			SetupLoadedEditorAssemblies (553ms)
				LogAssemblyErrors (0ms)
				InitializePlatformSupportModulesInManaged (12ms)
				SetLoadedEditorAssemblies (0ms)
				RefreshPlugins (1ms)
				BeforeProcessingInitializeOnLoad (102ms)
				ProcessInitializeOnLoadAttributes (361ms)
				ProcessInitializeOnLoadMethodAttributes (68ms)
				AfterProcessingInitializeOnLoad (9ms)
				EditorAssembliesLoaded (0ms)
			ExecutionOrderSort2 (0ms)
			AwakeInstancesAfterBackupRestoration (12ms)
Platform modules already initialized, skipping
Refreshing native plugins compatible for Editor in 1.24 ms, found 3 plugins.
Preloading 0 native plugins for Editor in 0.00 ms.
Unloading 5507 Unused Serialized files (Serialized files now loaded: 0)
Unloading 29 unused Assets / (439.0 KB). Loaded Objects now: 6328.
Memory consumption went from 237.0 MB to 236.6 MB.
Total: 4.029500 ms (FindLiveObjects: 0.556900 ms CreateObjectMapping: 0.142900 ms MarkObjects: 3.147700 ms  DeleteObjects: 0.181200 ms)

AssetImportParameters requested are different than current active one (requested -> active):
  custom:video-decoder-ogg-theora: a1e56fd34408186e4bbccfd4996cb3dc -> 
  custom:container-muxer-webm: aa71ff27fc2769a1b78a27578f13a17b -> 
  custom:container-demuxer-webm: 4f35f7cbe854078d1ac9338744f61a02 -> 
  custom:video-encoder-webm-vp8: eb34c28f22e8b96e1ab97ce403110664 -> 
  custom:audio-encoder-webm-vorbis: bf7c407c2cedff20999df2af8eb42d56 -> 
  custom:framework-win-MediaFoundation: 216162199b28c13a410421893ffa2e32 -> 
  custom:container-demuxer-ogg: 62fdf1f143b41e24485cea50d1cbac27 -> 
  custom:video-decoder-webm-vp8: 9c59270c3fd7afecdb556c50c9e8de78 -> 
  custom:audio-decoder-ogg-vorbis: bf7c407c2cedff20999df2af8eb42d56 -> 
Editor requested this worker to shutdown with reason: Scaling down because of idle timeout
AssetImportWorker is now disconnected from the server
Process exiting
Exiting without the bug reporter. Application will terminate with return code 0